Using pre-set license
Built from '6000.0/staging' branch; Version is '6000.0.23f1 (1c4764c07fb4) revision 1853284'; Using compiler version '193933523'; Build Type 'Release'
OS: 'Windows 11  (10.0.22631) 64bit Professional' Language: 'es' Physical Memory: 32560 MB
BatchMode: 1, IsHumanControllingUs: 0, StartBugReporterOnCrash: 0, Is64bit: 1, IsPro: 1

COMMAND LINE ARGUMENTS:
C:\Program Files\Unity\Hub\Editor\6000.0.23f1\Editor\Unity.exe
-adb2
-batchMode
-noUpm
-name
AssetImportWorker2
-projectPath
E:/SENA/Prototipo/Balinera
-logFile
Logs/AssetImportWorker2.log
-srvPort
63729
-job-worker-count
5
-background-job-worker-count
8
-asset-garbage-collectors
1
Successfully changed project path to: E:/SENA/Prototipo/Balinera
E:/SENA/Prototipo/Balinera
[UnityMemory] Configuration Parameters - Can be set up in boot.config
    "memorysetup-bucket-allocator-granularity=16"
    "memorysetup-bucket-allocator-bucket-count=8"
    "memorysetup-bucket-allocator-block-size=33554432"
    "memorysetup-bucket-allocator-block-count=8"
    "memorysetup-main-allocator-block-size=16777216"
    "memorysetup-thread-allocator-block-size=16777216"
    "memorysetup-gfx-main-allocator-block-size=16777216"
    "memorysetup-gfx-thread-allocator-block-size=16777216"
    "memorysetup-cache-allocator-block-size=4194304"
    "memorysetup-typetree-allocator-block-size=2097152"
    "memorysetup-profiler-bucket-allocator-granularity=16"
    "memorysetup-profiler-bucket-allocator-bucket-count=8"
    "memorysetup-profiler-bucket-allocator-block-size=33554432"
    "memorysetup-profiler-bucket-allocator-block-count=8"
    "memorysetup-profiler-allocator-block-size=16777216"
    "memorysetup-profiler-editor-allocator-block-size=1048576"
    "memorysetup-temp-allocator-size-main=16777216"
    "memorysetup-job-temp-allocator-block-size=2097152"
    "memorysetup-job-temp-allocator-block-size-background=1048576"
    "memorysetup-job-temp-allocator-reduction-small-platforms=262144"
    "memorysetup-allocator-temp-initial-block-size-main=262144"
    "memorysetup-allocator-temp-initial-block-size-worker=262144"
    "memorysetup-temp-allocator-size-background-worker=32768"
    "memorysetup-temp-allocator-size-job-worker=262144"
    "memorysetup-temp-allocator-size-preload-manager=33554432"
    "memorysetup-temp-allocator-size-nav-mesh-worker=65536"
    "memorysetup-temp-allocator-size-audio-worker=65536"
    "memorysetup-temp-allocator-size-cloud-worker=32768"
    "memorysetup-temp-allocator-size-gi-baking-worker=262144"
    "memorysetup-temp-allocator-size-gi-baking-worker=262144"
    "memorysetup-temp-allocator-size-gi-baking-worker=262144"
    "memorysetup-temp-allocator-size-gi-baking-worker=262144"
    "memorysetup-temp-allocator-size-gi-baking-worker=262144"
    "memorysetup-temp-allocator-size-gfx=262144"
Player connection [27584]  Target information:

Player connection [27584]  * "[IP] 192.168.1.5 [Port] 0 [Flags] 2 [Guid] 2181538581 [EditorId] 2181538581 [Version] 1048832 [Id] WindowsEditor(7,Andres) [Debug] 1 [PackageName] WindowsEditor [ProjectName] Editor" 

Player connection [27584] Host joined multi-casting on [225.0.0.222:54997]...
Player connection [27584] Host joined alternative multi-casting on [225.0.0.222:34997]...
JobSystem: Creating JobQueue using job-worker-count value 5
[Physics::Module] Initialized fallback backend.
[Physics::Module] Id: 0xdecafbad
Library Redirect Path: Library/
[Physics::Module] Selected backend.
[Physics::Module] Name: PhysX
[Physics::Module] Id: 0xf2b8ea05
[Physics::Module] SDK Version: 4.1.2
[Physics::Module] Integration Version: 1.0.0
[Physics::Module] Threading Mode: Multi-Threaded
Refreshing native plugins compatible for Editor in 1.33 ms, found 3 plugins.
Preloading 0 native plugins for Editor in 0.00 ms.
Initialize engine version: 6000.0.23f1 (1c4764c07fb4)
[Subsystems] Discovering subsystems at path C:/Program Files/Unity/Hub/Editor/6000.0.23f1/Editor/Data/Resources/UnitySubsystems
[Subsystems] Discovering subsystems at path E:/SENA/Prototipo/Balinera/Assets
GfxDevice: creating device client; kGfxThreadingModeNonThreaded
Direct3D:
    Version:  Direct3D 11.0 [level 11.1]
    Renderer: NVIDIA GeForce RTX 2070 (ID=0x1f07)
    Vendor:   NVIDIA
    VRAM:     8006 MB
    Driver:   32.0.15.6094
Initialize mono
Mono path[0] = 'C:/Program Files/Unity/Hub/Editor/6000.0.23f1/Editor/Data/Managed'
Mono path[1] = 'C:/Program Files/Unity/Hub/Editor/6000.0.23f1/Editor/Data/MonoBleedingEdge/lib/mono/unityjit-win32'
Mono config path = 'C:/Program Files/Unity/Hub/Editor/6000.0.23f1/Editor/Data/MonoBleedingEdge/etc'
Using monoOptions --debugger-agent=transport=dt_socket,embedding=1,server=y,suspend=n,address=127.0.0.1:56968
Begin MonoManager ReloadAssembly
Registering precompiled unity dll's ...
Register platform support module: C:/Program Files/Unity/Hub/Editor/6000.0.23f1/Editor/Data/PlaybackEngines/WindowsStandaloneSupport/UnityEditor.WindowsStandalone.Extensions.dll
Register platform support module: C:/Program Files/Unity/Hub/Editor/6000.0.23f1/Editor/Data/PlaybackEngines/AndroidPlayer/UnityEditor.Android.Extensions.dll
Registered in 0.003518 seconds.
- Loaded All Assemblies, in  0.464 seconds
Native extension for Android target not found
Android Extension - Scanning For ADB Devices 290 ms
Native extension for WindowsStandalone target not found
Mono: successfully reloaded assembly
- Finished resetting the current domain, in  0.694 seconds
Domain Reload Profiling: 1156ms
	BeginReloadAssembly (170ms)
		ExecutionOrderSort (0ms)
		DisableScriptedObjects (0ms)
		BackupInstance (0ms)
		ReleaseScriptingObjects (0ms)
		CreateAndSetChildDomain (1ms)
	RebuildCommonClasses (44ms)
	RebuildNativeTypeToScriptingClass (13ms)
	initialDomainReloadingComplete (51ms)
	LoadAllAssembliesAndSetupDomain (183ms)
		LoadAssemblies (168ms)
		RebuildTransferFunctionScriptingTraits (0ms)
		AnalyzeDomain (179ms)
			TypeCache.Refresh (178ms)
				TypeCache.ScanAssembly (162ms)
			BuildScriptInfoCaches (0ms)
			ResolveRequiredComponents (1ms)
	FinalizeReload (695ms)
		ReleaseScriptCaches (0ms)
		RebuildScriptCaches (0ms)
		SetupLoadedEditorAssemblies (638ms)
			LogAssemblyErrors (0ms)
			InitializePlatformSupportModulesInManaged (383ms)
			SetLoadedEditorAssemblies (4ms)
			BeforeProcessingInitializeOnLoad (9ms)
			ProcessInitializeOnLoadAttributes (162ms)
			ProcessInitializeOnLoadMethodAttributes (77ms)
			AfterProcessingInitializeOnLoad (3ms)
			EditorAssembliesLoaded (0ms)
		ExecutionOrderSort2 (0ms)
		AwakeInstancesAfterBackupRestoration (0ms)
========================================================================
Worker process is ready to serve import requests
Import Worker Mode flag is 0x00
Begin MonoManager ReloadAssembly
- Loaded All Assemblies, in  1.156 seconds
Refreshing native plugins compatible for Editor in 0.77 ms, found 3 plugins.
Native extension for Android target not found
Native extension for WindowsStandalone target not found
Mono: successfully reloaded assembly
- Finished resetting the current domain, in  1.148 seconds
Domain Reload Profiling: 2301ms
	BeginReloadAssembly (460ms)
		ExecutionOrderSort (0ms)
		DisableScriptedObjects (6ms)
		BackupInstance (0ms)
		ReleaseScriptingObjects (0ms)
		CreateAndSetChildDomain (39ms)
	RebuildCommonClasses (41ms)
	RebuildNativeTypeToScriptingClass (13ms)
	initialDomainReloadingComplete (42ms)
	LoadAllAssembliesAndSetupDomain (596ms)
		LoadAssemblies (404ms)
		RebuildTransferFunctionScriptingTraits (0ms)
		AnalyzeDomain (308ms)
			TypeCache.Refresh (224ms)
				TypeCache.ScanAssembly (205ms)
			BuildScriptInfoCaches (69ms)
			ResolveRequiredComponents (11ms)
	FinalizeReload (1149ms)
		ReleaseScriptCaches (0ms)
		RebuildScriptCaches (0ms)
		SetupLoadedEditorAssemblies (835ms)
			LogAssemblyErrors (0ms)
			InitializePlatformSupportModulesInManaged (15ms)
			SetLoadedEditorAssemblies (5ms)
			BeforeProcessingInitializeOnLoad (61ms)
			ProcessInitializeOnLoadAttributes (664ms)
			ProcessInitializeOnLoadMethodAttributes (81ms)
			AfterProcessingInitializeOnLoad (8ms)
			EditorAssembliesLoaded (0ms)
		ExecutionOrderSort2 (0ms)
		AwakeInstancesAfterBackupRestoration (7ms)
Launched and connected shader compiler UnityShaderCompiler.exe after 0.01 seconds
Refreshing native plugins compatible for Editor in 0.81 ms, found 3 plugins.
Preloading 0 native plugins for Editor in 0.00 ms.
Unloading 198 Unused Serialized files (Serialized files now loaded: 0)
Unloading 5909 unused Assets / (4.6 MB). Loaded Objects now: 6678.
Memory consumption went from 182.2 MB to 177.6 MB.
Total: 11.004900 ms (FindLiveObjects: 0.830200 ms CreateObjectMapping: 0.501300 ms MarkObjects: 5.973000 ms  DeleteObjects: 3.698800 ms)

========================================================================
Received Import Request.
  Time since last request: 17617.901366 seconds.
  path: Assets/Personajes/texturas/texturas santi/silla_sillaMTL_Normal.png
  artifactKey: Guid(898f623b7d8b4ae4ebaa08d32c59fbba) Importer(815301076,1909f56bfc062723c751e8b465ee728b)
Start importing Assets/Personajes/texturas/texturas santi/silla_sillaMTL_Normal.png using Guid(898f623b7d8b4ae4ebaa08d32c59fbba) Importer(815301076,1909f56bfc062723c751e8b465ee728b) (PreviewImporter) -> (artifact id: 'cd6f4e4b578f7eafecc3233c9a4de948') in 0.0840205 seconds
Number of updated asset objects reloaded before import = 0Number of asset objects unloaded after import = 2

========================================================================
Received Import Request.
  Time since last request: 36.837946 seconds.
  path: Assets/Personajes/modelos/tomas rig.fbx
  artifactKey: Guid(bafdce5735e702a41b50d3a4f0eb7bb9) Importer(815301076,1909f56bfc062723c751e8b465ee728b)
Start importing Assets/Personajes/modelos/tomas rig.fbx using Guid(bafdce5735e702a41b50d3a4f0eb7bb9) Importer(815301076,1909f56bfc062723c751e8b465ee728b) (PreviewImporter) -> (artifact id: 'c83493f2ab89ec01697edd88cac9175b') in 0.6136684 seconds
Number of updated asset objects reloaded before import = 0Number of asset objects unloaded after import = 173

========================================================================
Received Import Request.
  Time since last request: 0.081060 seconds.
  path: Assets/Personajes/modelos/mateo rig.fbx
  artifactKey: Guid(5599cc46cb4ce194d8fe2eb59d8f60d4) Importer(815301076,1909f56bfc062723c751e8b465ee728b)
Start importing Assets/Personajes/modelos/mateo rig.fbx using Guid(5599cc46cb4ce194d8fe2eb59d8f60d4) Importer(815301076,1909f56bfc062723c751e8b465ee728b) (PreviewImporter) -> (artifact id: 'c5c3e73ca29641c643ffc87d9f976b53') in 0.1243437 seconds
Number of updated asset objects reloaded before import = 0Number of asset objects unloaded after import = 176

========================================================================
Received Import Request.
  Time since last request: 0.000046 seconds.
  path: Assets/Personajes/modelos/tomas rig.fbx
  artifactKey: Guid(bafdce5735e702a41b50d3a4f0eb7bb9) Importer(815301076,1909f56bfc062723c751e8b465ee728b)
Start importing Assets/Personajes/modelos/tomas rig.fbx using Guid(bafdce5735e702a41b50d3a4f0eb7bb9) Importer(815301076,1909f56bfc062723c751e8b465ee728b) (PreviewImporter) -> (artifact id: '3d424e4a6cb2b03aea8363b84a96477d') in 0.0730306 seconds
Number of updated asset objects reloaded before import = 0Number of asset objects unloaded after import = 173

========================================================================
Received Import Request.
  Time since last request: 3.471355 seconds.
  path: Assets/Personajes/materiales/MateoMTL.mat
  artifactKey: Guid(19b5f9e9797fae943821b89985ac463d) Importer(815301076,1909f56bfc062723c751e8b465ee728b)
Start importing Assets/Personajes/materiales/MateoMTL.mat using Guid(19b5f9e9797fae943821b89985ac463d) Importer(815301076,1909f56bfc062723c751e8b465ee728b) (PreviewImporter) -> (artifact id: 'eb05689ee9c50d9926b2f23854913179') in 0.0772382 seconds
Number of updated asset objects reloaded before import = 0Number of asset objects unloaded after import = 4

========================================================================
Received Import Request.
  Time since last request: 0.000042 seconds.
  path: Assets/Personajes/materiales/santiMTL.mat
  artifactKey: Guid(b0701d94ea94295469bccbd6336849fa) Importer(815301076,1909f56bfc062723c751e8b465ee728b)
Start importing Assets/Personajes/materiales/santiMTL.mat using Guid(b0701d94ea94295469bccbd6336849fa) Importer(815301076,1909f56bfc062723c751e8b465ee728b) (PreviewImporter) -> (artifact id: '21d37ea4853da38a8efb3c89f6e86580') in 0.0320781 seconds
Number of updated asset objects reloaded before import = 0Number of asset objects unloaded after import = 4

========================================================================
Received Import Request.
  Time since last request: 0.000045 seconds.
  path: Assets/Personajes/materiales/sillaMTL1.mat
  artifactKey: Guid(e334e29f5671a0943b639d0317a80406) Importer(815301076,1909f56bfc062723c751e8b465ee728b)
Start importing Assets/Personajes/materiales/sillaMTL1.mat using Guid(e334e29f5671a0943b639d0317a80406) Importer(815301076,1909f56bfc062723c751e8b465ee728b) (PreviewImporter) -> (artifact id: 'b064fcc233e8e2d6332c4e06b648c454') in 0.0255918 seconds
Number of updated asset objects reloaded before import = 0Number of asset objects unloaded after import = 4

========================================================================
Received Import Request.
  Time since last request: 0.000041 seconds.
  path: Assets/Personajes/materiales/TomasMTL6.mat
  artifactKey: Guid(ffd082ba951540a43b5f4082677a90df) Importer(815301076,1909f56bfc062723c751e8b465ee728b)
Start importing Assets/Personajes/materiales/TomasMTL6.mat using Guid(ffd082ba951540a43b5f4082677a90df) Importer(815301076,1909f56bfc062723c751e8b465ee728b) (PreviewImporter) -> (artifact id: '13b8249f3eecb3ac47da997039ef50fa') in 0.0162906 seconds
Number of updated asset objects reloaded before import = 0Number of asset objects unloaded after import = 1

========================================================================
Received Import Request.
  Time since last request: 11.155065 seconds.
  path: Assets/Personajes/texturas/texturas tomas/tomas_TomasMTL_AlbedoTransparency.png
  artifactKey: Guid(c5089e1a9f748db4f8380cf5d9b31bdf) Importer(815301076,1909f56bfc062723c751e8b465ee728b)
Start importing Assets/Personajes/texturas/texturas tomas/tomas_TomasMTL_AlbedoTransparency.png using Guid(c5089e1a9f748db4f8380cf5d9b31bdf) Importer(815301076,1909f56bfc062723c751e8b465ee728b) (PreviewImporter) -> (artifact id: '4e1ee25c7974de925b7ccc839b335deb') in 0.0122236 seconds
Number of updated asset objects reloaded before import = 0Number of asset objects unloaded after import = 2

========================================================================
Received Import Request.
  Time since last request: 0.000039 seconds.
  path: Assets/Personajes/texturas/texturas tomas/tomas_TomasMTL_Normal.png
  artifactKey: Guid(dcf49eba6e47f8347bd88947ffbce726) Importer(815301076,1909f56bfc062723c751e8b465ee728b)
Start importing Assets/Personajes/texturas/texturas tomas/tomas_TomasMTL_Normal.png using Guid(dcf49eba6e47f8347bd88947ffbce726) Importer(815301076,1909f56bfc062723c751e8b465ee728b) (PreviewImporter) -> (artifact id: '0ea2596c22b800dd2fc5cf27f1783ee1') in 0.0154663 seconds
Number of updated asset objects reloaded before import = 0Number of asset objects unloaded after import = 2

========================================================================
Received Import Request.
  Time since last request: 10.384322 seconds.
  path: Assets/Personajes/texturas/texturas tomas/tomas_TomasMTL_Normal.png
  artifactKey: Guid(dcf49eba6e47f8347bd88947ffbce726) Importer(815301076,1909f56bfc062723c751e8b465ee728b)
Start importing Assets/Personajes/texturas/texturas tomas/tomas_TomasMTL_Normal.png using Guid(dcf49eba6e47f8347bd88947ffbce726) Importer(815301076,1909f56bfc062723c751e8b465ee728b) (PreviewImporter) -> (artifact id: '3560ae109b224b447f57a999273c6d78') in 0.0127873 seconds
Number of updated asset objects reloaded before import = 0Number of asset objects unloaded after import = 2

========================================================================
Received Import Request.
  Time since last request: 3.636225 seconds.
  path: Assets/Personajes/texturas/texturas tomas
  artifactKey: Guid(e3f81076cc072b942acbf14bc3d0f630) Importer(815301076,1909f56bfc062723c751e8b465ee728b)
Start importing Assets/Personajes/texturas/texturas tomas using Guid(e3f81076cc072b942acbf14bc3d0f630) Importer(815301076,1909f56bfc062723c751e8b465ee728b) (PreviewImporter) -> (artifact id: '0881c8ccceebde2d22baa60b71b9be45') in 0.0008046 seconds
Number of updated asset objects reloaded before import = 0Number of asset objects unloaded after import = 0

========================================================================
Received Import Request.
  Time since last request: 2607.502599 seconds.
  path: Assets/Udemy+Racer+Asset+Package
  artifactKey: Guid(8e7d95f1962f1244987ac5757a4e73ef) Importer(815301076,1909f56bfc062723c751e8b465ee728b)
Start importing Assets/Udemy+Racer+Asset+Package using Guid(8e7d95f1962f1244987ac5757a4e73ef) Importer(815301076,1909f56bfc062723c751e8b465ee728b) (PreviewImporter) -> (artifact id: '089a0546b5000c7d83856e4568da7852') in 0.0015596 seconds
Number of updated asset objects reloaded before import = 0Number of asset objects unloaded after import = 0

========================================================================
Received Import Request.
  Time since last request: 3525.123681 seconds.
  path: Assets/Udemy+Racer+Asset+Package/Udemy Racer Asset Package/Udemy Racer Assets.unitypackage
  artifactKey: Guid(b7da626fd45b66240822402ba5f4d8ff) Importer(815301076,1909f56bfc062723c751e8b465ee728b)
Start importing Assets/Udemy+Racer+Asset+Package/Udemy Racer Asset Package/Udemy Racer Assets.unitypackage using Guid(b7da626fd45b66240822402ba5f4d8ff) Importer(815301076,1909f56bfc062723c751e8b465ee728b) (PreviewImporter) -> (artifact id: 'c57220e7caafa04834887b26333fee7f') in 0.0339789 seconds
Number of updated asset objects reloaded before import = 0Number of asset objects unloaded after import = 1

========================================================================
Received Import Request.
  Time since last request: 145.350613 seconds.
  path: Assets/Udemy+Racer+Asset+Package/Udemy Racer Asset Package
  artifactKey: Guid(e1d383cdfff2410478e50807febffb86) Importer(815301076,1909f56bfc062723c751e8b465ee728b)
Start importing Assets/Udemy+Racer+Asset+Package/Udemy Racer Asset Package using Guid(e1d383cdfff2410478e50807febffb86) Importer(815301076,1909f56bfc062723c751e8b465ee728b) (PreviewImporter) -> (artifact id: 'd83e2238bc27f25021df26f1ef74fc98') in 0.0016156 seconds
Number of updated asset objects reloaded before import = 0Number of asset objects unloaded after import = 0

========================================================================
Received Import Request.
  Time since last request: 46.158149 seconds.
  path: Assets/_Udemy Racer Assets/Models
  artifactKey: Guid(c8615031de33cb84f8120343e2a4b9b1) Importer(815301076,1909f56bfc062723c751e8b465ee728b)
Start importing Assets/_Udemy Racer Assets/Models using Guid(c8615031de33cb84f8120343e2a4b9b1) Importer(815301076,1909f56bfc062723c751e8b465ee728b) (PreviewImporter) -> (artifact id: 'b544e7430c097e8b5b16adba8fd2402f') in 0.0012551 seconds
Number of updated asset objects reloaded before import = 0Number of asset objects unloaded after import = 0

========================================================================
Received Import Request.
  Time since last request: 0.620529 seconds.
  path: Assets/_Udemy Racer Assets/Models/dust_particle.fbx
  artifactKey: Guid(4032b2da9d785914789f4dd607736757) Importer(815301076,1909f56bfc062723c751e8b465ee728b)
Start importing Assets/_Udemy Racer Assets/Models/dust_particle.fbx using Guid(4032b2da9d785914789f4dd607736757) Importer(815301076,1909f56bfc062723c751e8b465ee728b) (PreviewImporter) -> (artifact id: '1016d77968df40f3e691cbc1a6575486') in 0.1190784 seconds
Number of updated asset objects reloaded before import = 0Number of asset objects unloaded after import = 8

========================================================================
Received Import Request.
  Time since last request: 1.278638 seconds.
  path: Assets/_Udemy Racer Assets/Models/Kenney
  artifactKey: Guid(b0c8e1309e85dbb4ea73b1a2af36a449) Importer(815301076,1909f56bfc062723c751e8b465ee728b)
Start importing Assets/_Udemy Racer Assets/Models/Kenney using Guid(b0c8e1309e85dbb4ea73b1a2af36a449) Importer(815301076,1909f56bfc062723c751e8b465ee728b) (PreviewImporter) -> (artifact id: '755fc530f51f0fc892529438f26a7500') in 0.0012807 seconds
Number of updated asset objects reloaded before import = 0Number of asset objects unloaded after import = 0

========================================================================
Received Import Request.
  Time since last request: 1.529814 seconds.
  path: Assets/_Udemy Racer Assets/Models/Kenney/Racing Kit
  artifactKey: Guid(524acd5a5ba1031488c5bd877d7bc88f) Importer(815301076,1909f56bfc062723c751e8b465ee728b)
Start importing Assets/_Udemy Racer Assets/Models/Kenney/Racing Kit using Guid(524acd5a5ba1031488c5bd877d7bc88f) Importer(815301076,1909f56bfc062723c751e8b465ee728b) (PreviewImporter) -> (artifact id: 'fb367f195b5b28f0c91c1d3983b52241') in 0.0007837 seconds
Number of updated asset objects reloaded before import = 0Number of asset objects unloaded after import = 0

========================================================================
Received Import Request.
  Time since last request: 0.064811 seconds.
  path: Assets/_Udemy Racer Assets/Models/Kenney/Racing Kit/bannerTowerGreen.fbx
  artifactKey: Guid(f3dca97a636456142a2201e74da1cd40) Importer(815301076,1909f56bfc062723c751e8b465ee728b)
Start importing Assets/_Udemy Racer Assets/Models/Kenney/Racing Kit/bannerTowerGreen.fbx using Guid(f3dca97a636456142a2201e74da1cd40) Importer(815301076,1909f56bfc062723c751e8b465ee728b) (PreviewImporter) -> (artifact id: '917a1a40dcbee84166d939a53d817886') in 0.0646452 seconds
Number of updated asset objects reloaded before import = 0Number of asset objects unloaded after import = 10

========================================================================
Received Import Request.
  Time since last request: 0.000035 seconds.
  path: Assets/_Udemy Racer Assets/Models/Kenney/Racing Kit/grass.fbx
  artifactKey: Guid(b545bb467f27a1140b60be7dbeb916ca) Importer(815301076,1909f56bfc062723c751e8b465ee728b)
Start importing Assets/_Udemy Racer Assets/Models/Kenney/Racing Kit/grass.fbx using Guid(b545bb467f27a1140b60be7dbeb916ca) Importer(815301076,1909f56bfc062723c751e8b465ee728b) (PreviewImporter) -> (artifact id: '13b4b7b808f269413d6a24d897d9be99') in 0.0249437 seconds
Number of updated asset objects reloaded before import = 0Number of asset objects unloaded after import = 8

========================================================================
Received Import Request.
  Time since last request: 0.000033 seconds.
  path: Assets/_Udemy Racer Assets/Models/Kenney/Racing Kit/raceCarOrange.fbx
  artifactKey: Guid(896db3a4132217944aaeb81ecf4924e8) Importer(815301076,1909f56bfc062723c751e8b465ee728b)
Start importing Assets/_Udemy Racer Assets/Models/Kenney/Racing Kit/raceCarOrange.fbx using Guid(896db3a4132217944aaeb81ecf4924e8) Importer(815301076,1909f56bfc062723c751e8b465ee728b) (PreviewImporter) -> (artifact id: '3c14d097324df1d4dbc3064a162303eb') in 0.1421791 seconds
Number of updated asset objects reloaded before import = 0Number of asset objects unloaded after import = 33

========================================================================
Received Import Request.
  Time since last request: 0.000054 seconds.
  path: Assets/_Udemy Racer Assets/Models/Kenney/Racing Kit/roadCornerSmallWall.fbx
  artifactKey: Guid(2ba34d22018d5b14eb796def6e2c8cc9) Importer(815301076,1909f56bfc062723c751e8b465ee728b)
Start importing Assets/_Udemy Racer Assets/Models/Kenney/Racing Kit/roadCornerSmallWall.fbx using Guid(2ba34d22018d5b14eb796def6e2c8cc9) Importer(815301076,1909f56bfc062723c751e8b465ee728b) (PreviewImporter) -> (artifact id: '8b8b208ccc528004ca7d86b5b8afc13c') in 0.0351145 seconds
Number of updated asset objects reloaded before import = 0Number of asset objects unloaded after import = 9

========================================================================
Received Import Request.
  Time since last request: 0.000034 seconds.
  path: Assets/_Udemy Racer Assets/Models/Kenney/Racing Kit/roadCornerLargeSandInner.fbx
  artifactKey: Guid(376f0180e71b0bc4db61df28f3e57387) Importer(815301076,1909f56bfc062723c751e8b465ee728b)
Start importing Assets/_Udemy Racer Assets/Models/Kenney/Racing Kit/roadCornerLargeSandInner.fbx using Guid(376f0180e71b0bc4db61df28f3e57387) Importer(815301076,1909f56bfc062723c751e8b465ee728b) (PreviewImporter) -> (artifact id: 'c10a586e369af0a38c873adffff00280') in 0.0296337 seconds
Number of updated asset objects reloaded before import = 0Number of asset objects unloaded after import = 8

========================================================================
Received Import Request.
  Time since last request: 0.000031 seconds.
  path: Assets/_Udemy Racer Assets/Models/Kenney/Racing Kit/roadPitStraightLong.fbx
  artifactKey: Guid(76c02df2d189c544f91713d7d065275f) Importer(815301076,1909f56bfc062723c751e8b465ee728b)
Start importing Assets/_Udemy Racer Assets/Models/Kenney/Racing Kit/roadPitStraightLong.fbx using Guid(76c02df2d189c544f91713d7d065275f) Importer(815301076,1909f56bfc062723c751e8b465ee728b) (PreviewImporter) -> (artifact id: '1a331189a4bbbbe433ad808061544c0e') in 0.0388827 seconds
Number of updated asset objects reloaded before import = 0Number of asset objects unloaded after import = 10

========================================================================
Received Import Request.
  Time since last request: 0.000033 seconds.
  path: Assets/_Udemy Racer Assets/Models/Kenney/Racing Kit/roadPitGarage.fbx
  artifactKey: Guid(eaf9bbda02dbee54e9f6c3ddd0a1b9d3) Importer(815301076,1909f56bfc062723c751e8b465ee728b)
Start importing Assets/_Udemy Racer Assets/Models/Kenney/Racing Kit/roadPitGarage.fbx using Guid(eaf9bbda02dbee54e9f6c3ddd0a1b9d3) Importer(815301076,1909f56bfc062723c751e8b465ee728b) (PreviewImporter) -> (artifact id: '6f4d1a78dbeba014d621b9195c0e5302') in 0.0359052 seconds
Number of updated asset objects reloaded before import = 0Number of asset objects unloaded after import = 10

========================================================================
Received Import Request.
  Time since last request: 0.000034 seconds.
  path: Assets/_Udemy Racer Assets/Models/Kenney/Racing Kit/billboardLow.fbx
  artifactKey: Guid(c7d77a29062a82c4893652a39df946a9) Importer(815301076,1909f56bfc062723c751e8b465ee728b)
Start importing Assets/_Udemy Racer Assets/Models/Kenney/Racing Kit/billboardLow.fbx using Guid(c7d77a29062a82c4893652a39df946a9) Importer(815301076,1909f56bfc062723c751e8b465ee728b) (PreviewImporter) -> (artifact id: 'a4b216c1e3b564b7ad5ff3904416fc4e') in 0.0466168 seconds
Number of updated asset objects reloaded before import = 0Number of asset objects unloaded after import = 12

========================================================================
Received Import Request.
  Time since last request: 0.000042 seconds.
  path: Assets/_Udemy Racer Assets/Models/Kenney/Racing Kit/grandStandCoveredRound.fbx
  artifactKey: Guid(2b6619235612ac84488cd86d347e5617) Importer(815301076,1909f56bfc062723c751e8b465ee728b)
Start importing Assets/_Udemy Racer Assets/Models/Kenney/Racing Kit/grandStandCoveredRound.fbx using Guid(2b6619235612ac84488cd86d347e5617) Importer(815301076,1909f56bfc062723c751e8b465ee728b) (PreviewImporter) -> (artifact id: '536e2f6d649692b6f0110a5b2a047da4') in 0.0571714 seconds
Number of updated asset objects reloaded before import = 0Number of asset objects unloaded after import = 12

========================================================================
Received Import Request.
  Time since last request: 0.000039 seconds.
  path: Assets/_Udemy Racer Assets/Models/Kenney/Racing Kit/grandStandCovered.fbx
  artifactKey: Guid(3abb06d8fabc71f4195d9528e8cc072c) Importer(815301076,1909f56bfc062723c751e8b465ee728b)
Start importing Assets/_Udemy Racer Assets/Models/Kenney/Racing Kit/grandStandCovered.fbx using Guid(3abb06d8fabc71f4195d9528e8cc072c) Importer(815301076,1909f56bfc062723c751e8b465ee728b) (PreviewImporter) -> (artifact id: 'e08dd6cbd987ed5ff6a6f3690549efff') in 0.054485 seconds
Number of updated asset objects reloaded before import = 0Number of asset objects unloaded after import = 12

========================================================================
Received Import Request.
  Time since last request: 0.000038 seconds.
  path: Assets/_Udemy Racer Assets/Models/Kenney/Racing Kit/roadEnd.fbx
  artifactKey: Guid(6a0057a872c295d4c9faad715f6c6a41) Importer(815301076,1909f56bfc062723c751e8b465ee728b)
Start importing Assets/_Udemy Racer Assets/Models/Kenney/Racing Kit/roadEnd.fbx using Guid(6a0057a872c295d4c9faad715f6c6a41) Importer(815301076,1909f56bfc062723c751e8b465ee728b) (PreviewImporter) -> (artifact id: 'b6ca15c417ffdff187e0fcefef798ba2') in 0.0380309 seconds
Number of updated asset objects reloaded before import = 0Number of asset objects unloaded after import = 10

========================================================================
Received Import Request.
  Time since last request: 0.000038 seconds.
  path: Assets/_Udemy Racer Assets/Models/Kenney/Racing Kit/camera_exclusive.fbx
  artifactKey: Guid(2876f4165054a0c4aa316b64df859800) Importer(815301076,1909f56bfc062723c751e8b465ee728b)
Start importing Assets/_Udemy Racer Assets/Models/Kenney/Racing Kit/camera_exclusive.fbx using Guid(2876f4165054a0c4aa316b64df859800) Importer(815301076,1909f56bfc062723c751e8b465ee728b) (PreviewImporter) -> (artifact id: '0b6e56fe0a6bac11cff1ae400d21039f') in 0.0411124 seconds
Number of updated asset objects reloaded before import = 0Number of asset objects unloaded after import = 10

========================================================================
Received Import Request.
  Time since last request: 0.000043 seconds.
  path: Assets/_Udemy Racer Assets/Models/Kenney/Racing Kit/roadCornerSmallBorder.fbx
  artifactKey: Guid(e1de84351a89fc040bc9d68510ed05c7) Importer(815301076,1909f56bfc062723c751e8b465ee728b)
Start importing Assets/_Udemy Racer Assets/Models/Kenney/Racing Kit/roadCornerSmallBorder.fbx using Guid(e1de84351a89fc040bc9d68510ed05c7) Importer(815301076,1909f56bfc062723c751e8b465ee728b) (PreviewImporter) -> (artifact id: '58c9c5a3fdbefc4e7c8c1d01bd1f79ef') in 0.0337044 seconds
Number of updated asset objects reloaded before import = 0Number of asset objects unloaded after import = 9

========================================================================
Received Import Request.
  Time since last request: 0.000065 seconds.
  path: Assets/_Udemy Racer Assets/Models/Kenney/Racing Kit/lightPost_exclusive.fbx
  artifactKey: Guid(3844e965483a447478592247238d9a1a) Importer(815301076,1909f56bfc062723c751e8b465ee728b)
Start importing Assets/_Udemy Racer Assets/Models/Kenney/Racing Kit/lightPost_exclusive.fbx using Guid(3844e965483a447478592247238d9a1a) Importer(815301076,1909f56bfc062723c751e8b465ee728b) (PreviewImporter) -> (artifact id: '39e11769330a80440aeaa8774d162cb2') in 0.0480725 seconds
Number of updated asset objects reloaded before import = 0Number of asset objects unloaded after import = 10

========================================================================
Received Import Request.
  Time since last request: 0.000035 seconds.
  path: Assets/_Udemy Racer Assets/Models/Kenney/Racing Kit/roadCornerLargerWall.fbx
  artifactKey: Guid(1e83a07a3b4ac7e46b7be81d3ed1b135) Importer(815301076,1909f56bfc062723c751e8b465ee728b)
Start importing Assets/_Udemy Racer Assets/Models/Kenney/Racing Kit/roadCornerLargerWall.fbx using Guid(1e83a07a3b4ac7e46b7be81d3ed1b135) Importer(815301076,1909f56bfc062723c751e8b465ee728b) (PreviewImporter) -> (artifact id: 'e759eae44e4378114b7b4c047342a8ba') in 0.0297521 seconds
Number of updated asset objects reloaded before import = 0Number of asset objects unloaded after import = 9

========================================================================
Received Import Request.
  Time since last request: 0.000033 seconds.
  path: Assets/_Udemy Racer Assets/Models/Kenney/Racing Kit/billboardDouble_exclusive.fbx
  artifactKey: Guid(b3b4dff3792321f4993b474ef91fdf8b) Importer(815301076,1909f56bfc062723c751e8b465ee728b)
Start importing Assets/_Udemy Racer Assets/Models/Kenney/Racing Kit/billboardDouble_exclusive.fbx using Guid(b3b4dff3792321f4993b474ef91fdf8b) Importer(815301076,1909f56bfc062723c751e8b465ee728b) (PreviewImporter) -> (artifact id: 'f5efc709ca94b59d5bd353a46df6e53f') in 0.0448197 seconds
Number of updated asset objects reloaded before import = 0Number of asset objects unloaded after import = 12

========================================================================
Received Import Request.
  Time since last request: 0.000047 seconds.
  path: Assets/_Udemy Racer Assets/Models/Kenney/Racing Kit/roadCornerLargeBorder.fbx
  artifactKey: Guid(914ff548f4ee98c4c8d0497e1a812dc9) Importer(815301076,1909f56bfc062723c751e8b465ee728b)
Start importing Assets/_Udemy Racer Assets/Models/Kenney/Racing Kit/roadCornerLargeBorder.fbx using Guid(914ff548f4ee98c4c8d0497e1a812dc9) Importer(815301076,1909f56bfc062723c751e8b465ee728b) (PreviewImporter) -> (artifact id: '996d10ab548f24d3a6812bc7c630ef6f') in 0.0298548 seconds
Number of updated asset objects reloaded before import = 0Number of asset objects unloaded after import = 9

========================================================================
Received Import Request.
  Time since last request: 0.000028 seconds.
  path: Assets/_Udemy Racer Assets/Models/Kenney/Racing Kit/roadCornerLargeWallInner.fbx
  artifactKey: Guid(9361c75e4fb5b274ea1b28c457125698) Importer(815301076,1909f56bfc062723c751e8b465ee728b)
Start importing Assets/_Udemy Racer Assets/Models/Kenney/Racing Kit/roadCornerLargeWallInner.fbx using Guid(9361c75e4fb5b274ea1b28c457125698) Importer(815301076,1909f56bfc062723c751e8b465ee728b) (PreviewImporter) -> (artifact id: 'da9d339c9da674c83491cbe764fcd026') in 0.0340969 seconds
Number of updated asset objects reloaded before import = 0Number of asset objects unloaded after import = 10

========================================================================
Received Import Request.
  Time since last request: 0.000028 seconds.
  path: Assets/_Udemy Racer Assets/Models/Kenney/Racing Kit/flagCheckersSmall.fbx
  artifactKey: Guid(26a2f8d6509d74240bd328acb75851f1) Importer(815301076,1909f56bfc062723c751e8b465ee728b)
Start importing Assets/_Udemy Racer Assets/Models/Kenney/Racing Kit/flagCheckersSmall.fbx using Guid(26a2f8d6509d74240bd328acb75851f1) Importer(815301076,1909f56bfc062723c751e8b465ee728b) (PreviewImporter) -> (artifact id: 'a7e9b6586e9b215e3651f6034d2463b2') in 0.0436124 seconds
Number of updated asset objects reloaded before import = 0Number of asset objects unloaded after import = 12

========================================================================
Received Import Request.
  Time since last request: 0.000031 seconds.
  path: Assets/_Udemy Racer Assets/Models/Kenney/Racing Kit/roadBump.fbx
  artifactKey: Guid(59bc8a9b7982d4c418a7520606408611) Importer(815301076,1909f56bfc062723c751e8b465ee728b)
Start importing Assets/_Udemy Racer Assets/Models/Kenney/Racing Kit/roadBump.fbx using Guid(59bc8a9b7982d4c418a7520606408611) Importer(815301076,1909f56bfc062723c751e8b465ee728b) (PreviewImporter) -> (artifact id: '9602c2ac2148f2e375a7caf506593a7e') in 0.0356393 seconds
Number of updated asset objects reloaded before import = 0Number of asset objects unloaded after import = 10

========================================================================
Received Import Request.
  Time since last request: 0.000090 seconds.
  path: Assets/_Udemy Racer Assets/Models/Kenney/Racing Kit/overheadRoundColored.fbx
  artifactKey: Guid(2e8f03cc670a9f54f9079f093e95bba4) Importer(815301076,1909f56bfc062723c751e8b465ee728b)
Start importing Assets/_Udemy Racer Assets/Models/Kenney/Racing Kit/overheadRoundColored.fbx using Guid(2e8f03cc670a9f54f9079f093e95bba4) Importer(815301076,1909f56bfc062723c751e8b465ee728b) (PreviewImporter) -> (artifact id: '07df847cc8634b85628238ad95b99ca5') in 0.0286623 seconds
Number of updated asset objects reloaded before import = 0Number of asset objects unloaded after import = 9

========================================================================
Received Import Request.
  Time since last request: 0.000037 seconds.
  path: Assets/_Udemy Racer Assets/Models/Kenney/Racing Kit/roadCornerLargerBorderInner.fbx
  artifactKey: Guid(84737e73a187f54438243b68209bf604) Importer(815301076,1909f56bfc062723c751e8b465ee728b)
Start importing Assets/_Udemy Racer Assets/Models/Kenney/Racing Kit/roadCornerLargerBorderInner.fbx using Guid(84737e73a187f54438243b68209bf604) Importer(815301076,1909f56bfc062723c751e8b465ee728b) (PreviewImporter) -> (artifact id: 'fcafb53d5510d83b0fc614a5e8066778') in 0.0326641 seconds
Number of updated asset objects reloaded before import = 0Number of asset objects unloaded after import = 9

========================================================================
Received Import Request.
  Time since last request: 0.000058 seconds.
  path: Assets/_Udemy Racer Assets/Models/Kenney/Racing Kit/raceCarWhite.fbx
  artifactKey: Guid(772562c80f55b354684f709df2b80bd1) Importer(815301076,1909f56bfc062723c751e8b465ee728b)
Start importing Assets/_Udemy Racer Assets/Models/Kenney/Racing Kit/raceCarWhite.fbx using Guid(772562c80f55b354684f709df2b80bd1) Importer(815301076,1909f56bfc062723c751e8b465ee728b) (PreviewImporter) -> (artifact id: 'ae66b9c6fb3ff1be0efbedf018e165e3') in 0.0958031 seconds
Number of updated asset objects reloaded before import = 0Number of asset objects unloaded after import = 32

========================================================================
Received Import Request.
  Time since last request: 0.000044 seconds.
  path: Assets/_Udemy Racer Assets/Models/Kenney/Racing Kit/roadCornerLarge.fbx
  artifactKey: Guid(746289b5772aae847adafd0cb92a5906) Importer(815301076,1909f56bfc062723c751e8b465ee728b)
Start importing Assets/_Udemy Racer Assets/Models/Kenney/Racing Kit/roadCornerLarge.fbx using Guid(746289b5772aae847adafd0cb92a5906) Importer(815301076,1909f56bfc062723c751e8b465ee728b) (PreviewImporter) -> (artifact id: '430d6e9bf33a46eb4edde740272180f8') in 0.0417949 seconds
Number of updated asset objects reloaded before import = 0Number of asset objects unloaded after import = 10

========================================================================
Received Import Request.
  Time since last request: 0.000074 seconds.
  path: Assets/_Udemy Racer Assets/Models/Kenney/Racing Kit/flagTankco.fbx
  artifactKey: Guid(efc54bc4da65e474cb89091e229ac764) Importer(815301076,1909f56bfc062723c751e8b465ee728b)
Start importing Assets/_Udemy Racer Assets/Models/Kenney/Racing Kit/flagTankco.fbx using Guid(efc54bc4da65e474cb89091e229ac764) Importer(815301076,1909f56bfc062723c751e8b465ee728b) (PreviewImporter) -> (artifact id: '425ae24ce74a6ff121fdac6ce7677dc0') in 0.063482 seconds
Number of updated asset objects reloaded before import = 0Number of asset objects unloaded after import = 17

========================================================================
Received Import Request.
  Time since last request: 0.000050 seconds.
  path: Assets/_Udemy Racer Assets/Models/Kenney/Racing Kit/fenceStraight.fbx
  artifactKey: Guid(5eeac2c0f2dd27b4d8faa8fd7477e3fa) Importer(815301076,1909f56bfc062723c751e8b465ee728b)
Start importing Assets/_Udemy Racer Assets/Models/Kenney/Racing Kit/fenceStraight.fbx using Guid(5eeac2c0f2dd27b4d8faa8fd7477e3fa) Importer(815301076,1909f56bfc062723c751e8b465ee728b) (PreviewImporter) -> (artifact id: '2fde859e4c292ca07668213c500db2bb') in 0.0327479 seconds
Number of updated asset objects reloaded before import = 0Number of asset objects unloaded after import = 10

========================================================================
Received Import Request.
  Time since last request: 0.000063 seconds.
  path: Assets/_Udemy Racer Assets/Models/Kenney/Racing Kit/lightPostModern.fbx
  artifactKey: Guid(1211a04cc8da66144942fef5996f6e96) Importer(815301076,1909f56bfc062723c751e8b465ee728b)
Start importing Assets/_Udemy Racer Assets/Models/Kenney/Racing Kit/lightPostModern.fbx using Guid(1211a04cc8da66144942fef5996f6e96) Importer(815301076,1909f56bfc062723c751e8b465ee728b) (PreviewImporter) -> (artifact id: 'fc1fcf35ce9427ce04a7f2cb62d20814') in 0.0307004 seconds
Number of updated asset objects reloaded before import = 0Number of asset objects unloaded after import = 9

========================================================================
Received Import Request.
  Time since last request: 0.000046 seconds.
  path: Assets/_Udemy Racer Assets/Models/Kenney/Racing Kit/radarEquipment.fbx
  artifactKey: Guid(adc5d2bc803d6504fbe5b8b5e7d8d324) Importer(815301076,1909f56bfc062723c751e8b465ee728b)
Start importing Assets/_Udemy Racer Assets/Models/Kenney/Racing Kit/radarEquipment.fbx using Guid(adc5d2bc803d6504fbe5b8b5e7d8d324) Importer(815301076,1909f56bfc062723c751e8b465ee728b) (PreviewImporter) -> (artifact id: 'ef3d1eba322e17c12abe2afae7d1f05f') in 0.030852 seconds
Number of updated asset objects reloaded before import = 0Number of asset objects unloaded after import = 9

========================================================================
Received Import Request.
  Time since last request: 0.000056 seconds.
  path: Assets/_Udemy Racer Assets/Models/Kenney/Racing Kit/roadCornerLargeWall.fbx
  artifactKey: Guid(d6ef0d3db6d558a44a759703095882e9) Importer(815301076,1909f56bfc062723c751e8b465ee728b)
Start importing Assets/_Udemy Racer Assets/Models/Kenney/Racing Kit/roadCornerLargeWall.fbx using Guid(d6ef0d3db6d558a44a759703095882e9) Importer(815301076,1909f56bfc062723c751e8b465ee728b) (PreviewImporter) -> (artifact id: '36b40b6441cc9cad429e1a3de98bf238') in 0.0283934 seconds
Number of updated asset objects reloaded before import = 0Number of asset objects unloaded after import = 9

========================================================================
Received Import Request.
  Time since last request: 0.000037 seconds.
  path: Assets/_Udemy Racer Assets/Models/Kenney/Racing Kit/overheadRound.fbx
  artifactKey: Guid(bf492c24944da6c478657e4caa769768) Importer(815301076,1909f56bfc062723c751e8b465ee728b)
Start importing Assets/_Udemy Racer Assets/Models/Kenney/Racing Kit/overheadRound.fbx using Guid(bf492c24944da6c478657e4caa769768) Importer(815301076,1909f56bfc062723c751e8b465ee728b) (PreviewImporter) -> (artifact id: 'f8d1da3fe374c7e97e30e776b71e0ba5') in 0.0291283 seconds
Number of updated asset objects reloaded before import = 0Number of asset objects unloaded after import = 9

========================================================================
Received Import Request.
  Time since last request: 0.000029 seconds.
  path: Assets/_Udemy Racer Assets/Models/Kenney/Racing Kit/roadCornerSmall.fbx
  artifactKey: Guid(e31655b9659198a4cb805115382d446d) Importer(815301076,1909f56bfc062723c751e8b465ee728b)
Start importing Assets/_Udemy Racer Assets/Models/Kenney/Racing Kit/roadCornerSmall.fbx using Guid(e31655b9659198a4cb805115382d446d) Importer(815301076,1909f56bfc062723c751e8b465ee728b) (PreviewImporter) -> (artifact id: 'd83ccd154718097ea2fd946f86825317') in 0.0387068 seconds
Number of updated asset objects reloaded before import = 0Number of asset objects unloaded after import = 10

========================================================================
Received Import Request.
  Time since last request: 0.000031 seconds.
  path: Assets/_Udemy Racer Assets/Models/Kenney/Racing Kit/lightPostLarge.fbx
  artifactKey: Guid(67a9cfe6c7099e042b3c42c2c3936ce7) Importer(815301076,1909f56bfc062723c751e8b465ee728b)
Start importing Assets/_Udemy Racer Assets/Models/Kenney/Racing Kit/lightPostLarge.fbx using Guid(67a9cfe6c7099e042b3c42c2c3936ce7) Importer(815301076,1909f56bfc062723c751e8b465ee728b) (PreviewImporter) -> (artifact id: 'f1009e9cb00ff40d3dbb44498f3a24fa') in 0.0422116 seconds
Number of updated asset objects reloaded before import = 0Number of asset objects unloaded after import = 10

========================================================================
Received Import Request.
  Time since last request: 0.000035 seconds.
  path: Assets/_Udemy Racer Assets/Models/Kenney/Racing Kit/raceCarRed.fbx
  artifactKey: Guid(3f77d9283ff3b5f40a4ced1227f0559d) Importer(815301076,1909f56bfc062723c751e8b465ee728b)
Start importing Assets/_Udemy Racer Assets/Models/Kenney/Racing Kit/raceCarRed.fbx using Guid(3f77d9283ff3b5f40a4ced1227f0559d) Importer(815301076,1909f56bfc062723c751e8b465ee728b) (PreviewImporter) -> (artifact id: 'b52572ae39a1813cc6e9e02ccea3f361') in 0.0974219 seconds
Number of updated asset objects reloaded before import = 0Number of asset objects unloaded after import = 33

========================================================================
Received Import Request.
  Time since last request: 0.000044 seconds.
  path: Assets/_Udemy Racer Assets/Models/Kenney/Racing Kit/pitsGarageClosed.fbx
  artifactKey: Guid(95544149a214af042a5de34383c8a797) Importer(815301076,1909f56bfc062723c751e8b465ee728b)
Start importing Assets/_Udemy Racer Assets/Models/Kenney/Racing Kit/pitsGarageClosed.fbx using Guid(95544149a214af042a5de34383c8a797) Importer(815301076,1909f56bfc062723c751e8b465ee728b) (PreviewImporter) -> (artifact id: '2c5783f44954e708c7967cdec0247a08') in 0.0513424 seconds
Number of updated asset objects reloaded before import = 0Number of asset objects unloaded after import = 13

========================================================================
Received Import Request.
  Time since last request: 0.000036 seconds.
  path: Assets/_Udemy Racer Assets/Models/Kenney/Racing Kit/ramp.fbx
  artifactKey: Guid(dc9afa3d5beea664a9d2398a0778c682) Importer(815301076,1909f56bfc062723c751e8b465ee728b)
Start importing Assets/_Udemy Racer Assets/Models/Kenney/Racing Kit/ramp.fbx using Guid(dc9afa3d5beea664a9d2398a0778c682) Importer(815301076,1909f56bfc062723c751e8b465ee728b) (PreviewImporter) -> (artifact id: '03afb400dd2ba9b61e9f71da7a9b2be3') in 0.0299173 seconds
Number of updated asset objects reloaded before import = 0Number of asset objects unloaded after import = 9

========================================================================
Received Import Request.
  Time since last request: 0.000029 seconds.
  path: Assets/_Udemy Racer Assets/Models/Kenney/Racing Kit/flagRed.fbx
  artifactKey: Guid(871c671ceea14cf4db8bb24b0f59c347) Importer(815301076,1909f56bfc062723c751e8b465ee728b)
Start importing Assets/_Udemy Racer Assets/Models/Kenney/Racing Kit/flagRed.fbx using Guid(871c671ceea14cf4db8bb24b0f59c347) Importer(815301076,1909f56bfc062723c751e8b465ee728b) (PreviewImporter) -> (artifact id: '63aeb0a981aab798210689e00d3a2208') in 0.0562117 seconds
Number of updated asset objects reloaded before import = 0Number of asset objects unloaded after import = 16

========================================================================
Received Import Request.
  Time since last request: 0.000033 seconds.
  path: Assets/_Udemy Racer Assets/Models/Kenney/Racing Kit/roadCornerLargeSand.fbx
  artifactKey: Guid(a4b8592111a0b0d45886e27ea0073da6) Importer(815301076,1909f56bfc062723c751e8b465ee728b)
Start importing Assets/_Udemy Racer Assets/Models/Kenney/Racing Kit/roadCornerLargeSand.fbx using Guid(a4b8592111a0b0d45886e27ea0073da6) Importer(815301076,1909f56bfc062723c751e8b465ee728b) (PreviewImporter) -> (artifact id: '80785c992c25275f717cd5f332c431f0') in 0.0202102 seconds
Number of updated asset objects reloaded before import = 0Number of asset objects unloaded after import = 8

========================================================================
Received Import Request.
  Time since last request: 0.000059 seconds.
  path: Assets/_Udemy Racer Assets/Models/Kenney/Racing Kit/roadCornerLargeBorderInner.fbx
  artifactKey: Guid(a9023fb0cd7c0c54ba8d383ad771eced) Importer(815301076,1909f56bfc062723c751e8b465ee728b)
Start importing Assets/_Udemy Racer Assets/Models/Kenney/Racing Kit/roadCornerLargeBorderInner.fbx using Guid(a9023fb0cd7c0c54ba8d383ad771eced) Importer(815301076,1909f56bfc062723c751e8b465ee728b) (PreviewImporter) -> (artifact id: '07ce9d521f6d1a6a785e669ef7f7eeb8') in 0.0295701 seconds
Number of updated asset objects reloaded before import = 0Number of asset objects unloaded after import = 9

========================================================================
Received Import Request.
  Time since last request: 0.000041 seconds.
  path: Assets/_Udemy Racer Assets/Models/Kenney/Racing Kit/pitsOfficeCorner.fbx
  artifactKey: Guid(138619f338d18a442a980e66a0827062) Importer(815301076,1909f56bfc062723c751e8b465ee728b)
Start importing Assets/_Udemy Racer Assets/Models/Kenney/Racing Kit/pitsOfficeCorner.fbx using Guid(138619f338d18a442a980e66a0827062) Importer(815301076,1909f56bfc062723c751e8b465ee728b) (PreviewImporter) -> (artifact id: 'b2f117c52412ef621d8bcb9271543be3') in 0.0361447 seconds
Number of updated asset objects reloaded before import = 0Number of asset objects unloaded after import = 10

========================================================================
Received Import Request.
  Time since last request: 0.000044 seconds.
  path: Assets/_Udemy Racer Assets/Models/Kenney/Racing Kit/pitsOffice.fbx
  artifactKey: Guid(3673cfbc4a0af4f4e9c94def186b0209) Importer(815301076,1909f56bfc062723c751e8b465ee728b)
Start importing Assets/_Udemy Racer Assets/Models/Kenney/Racing Kit/pitsOffice.fbx using Guid(3673cfbc4a0af4f4e9c94def186b0209) Importer(815301076,1909f56bfc062723c751e8b465ee728b) (PreviewImporter) -> (artifact id: 'dcba631f5346f8a5965c6d4d52079120') in 0.0500828 seconds
Number of updated asset objects reloaded before import = 0Number of asset objects unloaded after import = 11

========================================================================
Received Import Request.
  Time since last request: 0.000035 seconds.
  path: Assets/_Udemy Racer Assets/Models/Kenney/Racing Kit/lightRed.fbx
  artifactKey: Guid(666dbd026f34f044b8d4c834d5379212) Importer(815301076,1909f56bfc062723c751e8b465ee728b)
Start importing Assets/_Udemy Racer Assets/Models/Kenney/Racing Kit/lightRed.fbx using Guid(666dbd026f34f044b8d4c834d5379212) Importer(815301076,1909f56bfc062723c751e8b465ee728b) (PreviewImporter) -> (artifact id: '5ac27412713c56a40a785fb0507f16dc') in 0.0507368 seconds
Number of updated asset objects reloaded before import = 0Number of asset objects unloaded after import = 12

========================================================================
Received Import Request.
  Time since last request: 0.000056 seconds.
  path: Assets/_Udemy Racer Assets/Models/Kenney/Racing Kit/pitsGarageCorner.fbx
  artifactKey: Guid(499c90d5c2c01a34d889c6dfc38c5ae0) Importer(815301076,1909f56bfc062723c751e8b465ee728b)
Start importing Assets/_Udemy Racer Assets/Models/Kenney/Racing Kit/pitsGarageCorner.fbx using Guid(499c90d5c2c01a34d889c6dfc38c5ae0) Importer(815301076,1909f56bfc062723c751e8b465ee728b) (PreviewImporter) -> (artifact id: 'e6e7b318c6116fbbc32987c646713f95') in 0.0533339 seconds
Number of updated asset objects reloaded before import = 0Number of asset objects unloaded after import = 12

========================================================================
Received Import Request.
  Time since last request: 0.000055 seconds.
  path: Assets/_Udemy Racer Assets/Models/Kenney/Racing Kit/barrierWall.fbx
  artifactKey: Guid(35f1be32d85cbc2468ebbbe674c5e0dc) Importer(815301076,1909f56bfc062723c751e8b465ee728b)
Start importing Assets/_Udemy Racer Assets/Models/Kenney/Racing Kit/barrierWall.fbx using Guid(35f1be32d85cbc2468ebbbe674c5e0dc) Importer(815301076,1909f56bfc062723c751e8b465ee728b) (PreviewImporter) -> (artifact id: 'e33d067a32d9bfa922d2c9f13111ee0f') in 0.0323434 seconds
Number of updated asset objects reloaded before import = 0Number of asset objects unloaded after import = 9

========================================================================
Received Import Request.
  Time since last request: 0.000037 seconds.
  path: Assets/_Udemy Racer Assets/Models/Kenney/Racing Kit/pitsOfficeRoof.fbx
  artifactKey: Guid(b7766538220074d4db3df608b58323f3) Importer(815301076,1909f56bfc062723c751e8b465ee728b)
Start importing Assets/_Udemy Racer Assets/Models/Kenney/Racing Kit/pitsOfficeRoof.fbx using Guid(b7766538220074d4db3df608b58323f3) Importer(815301076,1909f56bfc062723c751e8b465ee728b) (PreviewImporter) -> (artifact id: '672294ca286e10c30ae0dc5dea6a08bd') in 0.0451864 seconds
Number of updated asset objects reloaded before import = 0Number of asset objects unloaded after import = 11

========================================================================
Received Import Request.
  Time since last request: 0.000076 seconds.
  path: Assets/_Udemy Racer Assets/Models/Kenney/Racing Kit/lightColored.fbx
  artifactKey: Guid(2dbf3a36c15dad1439cb34ccc8425dbc) Importer(815301076,1909f56bfc062723c751e8b465ee728b)
Start importing Assets/_Udemy Racer Assets/Models/Kenney/Racing Kit/lightColored.fbx using Guid(2dbf3a36c15dad1439cb34ccc8425dbc) Importer(815301076,1909f56bfc062723c751e8b465ee728b) (PreviewImporter) -> (artifact id: '272e14e13fdd9f010b481c41ec001220') in 0.0609017 seconds
Number of updated asset objects reloaded before import = 0Number of asset objects unloaded after import = 13

========================================================================
Received Import Request.
  Time since last request: 0.618311 seconds.
  path: Assets/_Udemy Racer Assets/Models/Kenney/Racing Kit/roadRampLong.fbx
  artifactKey: Guid(460f9a8c60f9f3c48bf47ba1cc3f8e08) Importer(815301076,1909f56bfc062723c751e8b465ee728b)
Start importing Assets/_Udemy Racer Assets/Models/Kenney/Racing Kit/roadRampLong.fbx using Guid(460f9a8c60f9f3c48bf47ba1cc3f8e08) Importer(815301076,1909f56bfc062723c751e8b465ee728b) (PreviewImporter) -> (artifact id: '6744f0e0e4a3405b90d3db88b739b023') in 0.036901 seconds
Number of updated asset objects reloaded before import = 0Number of asset objects unloaded after import = 10

========================================================================
Received Import Request.
  Time since last request: 0.000032 seconds.
  path: Assets/_Udemy Racer Assets/Models/Kenney/Racing Kit/roadSplitRoundLarge.fbx
  artifactKey: Guid(dc0faa26967e296419a1a930eea7abac) Importer(815301076,1909f56bfc062723c751e8b465ee728b)
Start importing Assets/_Udemy Racer Assets/Models/Kenney/Racing Kit/roadSplitRoundLarge.fbx using Guid(dc0faa26967e296419a1a930eea7abac) Importer(815301076,1909f56bfc062723c751e8b465ee728b) (PreviewImporter) -> (artifact id: '76f1ed8ea6989c4afc2bb6766061f379') in 0.6938653 seconds
Number of updated asset objects reloaded before import = 0Number of asset objects unloaded after import = 10

========================================================================
Received Import Request.
  Time since last request: 0.000054 seconds.
  path: Assets/_Udemy Racer Assets/Models/Kenney/Racing Kit/roadSplit.fbx
  artifactKey: Guid(9ec1ab11fb13bdd489ef161eb1949b7e) Importer(815301076,1909f56bfc062723c751e8b465ee728b)
Start importing Assets/_Udemy Racer Assets/Models/Kenney/Racing Kit/roadSplit.fbx using Guid(9ec1ab11fb13bdd489ef161eb1949b7e) Importer(815301076,1909f56bfc062723c751e8b465ee728b) (PreviewImporter) -> (artifact id: 'd89ad2a8778ea2c5c101744d16963c58') in 0.0387272 seconds
Number of updated asset objects reloaded before import = 0Number of asset objects unloaded after import = 10

========================================================================
Received Import Request.
  Time since last request: 0.000026 seconds.
  path: Assets/_Udemy Racer Assets/Models/Kenney/Racing Kit/roadSide.fbx
  artifactKey: Guid(fe3267bcb00004844871897fbd3137a6) Importer(815301076,1909f56bfc062723c751e8b465ee728b)
Start importing Assets/_Udemy Racer Assets/Models/Kenney/Racing Kit/roadSide.fbx using Guid(fe3267bcb00004844871897fbd3137a6) Importer(815301076,1909f56bfc062723c751e8b465ee728b) (PreviewImporter) -> (artifact id: 'a4fa1005deeb0d3a3ea91d6eede9b776') in 0.0380309 seconds
Number of updated asset objects reloaded before import = 0Number of asset objects unloaded after import = 10

========================================================================
Received Import Request.
  Time since last request: 0.000034 seconds.
  path: Assets/_Udemy Racer Assets/Models/Kenney/Racing Kit/roadRampLongCurvedWall.fbx
  artifactKey: Guid(b292608fff7db0c4290f0926d258b3c0) Importer(815301076,1909f56bfc062723c751e8b465ee728b)
Start importing Assets/_Udemy Racer Assets/Models/Kenney/Racing Kit/roadRampLongCurvedWall.fbx using Guid(b292608fff7db0c4290f0926d258b3c0) Importer(815301076,1909f56bfc062723c751e8b465ee728b) (PreviewImporter) -> (artifact id: '2c13691f756bf0d51356cfbc7faed790') in 0.0380088 seconds
Number of updated asset objects reloaded before import = 0Number of asset objects unloaded after import = 10

========================================================================
Received Import Request.
  Time since last request: 0.000037 seconds.
  path: Assets/_Udemy Racer Assets/Models/Kenney/Racing Kit/roadStraightArrow.fbx
  artifactKey: Guid(b693839bea7feb94fa7500368137d700) Importer(815301076,1909f56bfc062723c751e8b465ee728b)
Start importing Assets/_Udemy Racer Assets/Models/Kenney/Racing Kit/roadStraightArrow.fbx using Guid(b693839bea7feb94fa7500368137d700) Importer(815301076,1909f56bfc062723c751e8b465ee728b) (PreviewImporter) -> (artifact id: 'a7d2f486041abb9d3db39af509b4c799') in 0.0362611 seconds
Number of updated asset objects reloaded before import = 0Number of asset objects unloaded after import = 10

========================================================================
Received Import Request.
  Time since last request: 0.000047 seconds.
  path: Assets/_Udemy Racer Assets/Models/Kenney/Racing Kit/roadRampWall.fbx
  artifactKey: Guid(f687edc5ce40ea74aafedc6855ac7291) Importer(815301076,1909f56bfc062723c751e8b465ee728b)
Start importing Assets/_Udemy Racer Assets/Models/Kenney/Racing Kit/roadRampWall.fbx using Guid(f687edc5ce40ea74aafedc6855ac7291) Importer(815301076,1909f56bfc062723c751e8b465ee728b) (PreviewImporter) -> (artifact id: '04233fffd23323de54aaa35d0ace6c7f') in 0.0371633 seconds
Number of updated asset objects reloaded before import = 0Number of asset objects unloaded after import = 10

========================================================================
Received Import Request.
  Time since last request: 0.000040 seconds.
  path: Assets/_Udemy Racer Assets/Models/Kenney/Racing Kit/roadRampLongWall.fbx
  artifactKey: Guid(eea1b0b99cd36be4aaadd6bf90f1b950) Importer(815301076,1909f56bfc062723c751e8b465ee728b)
Start importing Assets/_Udemy Racer Assets/Models/Kenney/Racing Kit/roadRampLongWall.fbx using Guid(eea1b0b99cd36be4aaadd6bf90f1b950) Importer(815301076,1909f56bfc062723c751e8b465ee728b) (PreviewImporter) -> (artifact id: 'bd38fa9fd5a8672d32339e37dd643d1d') in 0.0374369 seconds
Number of updated asset objects reloaded before import = 0Number of asset objects unloaded after import = 10

========================================================================
Received Import Request.
  Time since last request: 0.010357 seconds.
  path: Assets/_Udemy Racer Assets/Models/Kenney/Racing Kit/roadStraightBridge.fbx
  artifactKey: Guid(001048aded206794e9949808012a7ecc) Importer(815301076,1909f56bfc062723c751e8b465ee728b)
Start importing Assets/_Udemy Racer Assets/Models/Kenney/Racing Kit/roadStraightBridge.fbx using Guid(001048aded206794e9949808012a7ecc) Importer(815301076,1909f56bfc062723c751e8b465ee728b) (PreviewImporter) -> (artifact id: '18c349f9d815dbec884ea9f8344b90c8') in 0.038764 seconds
Number of updated asset objects reloaded before import = 0Number of asset objects unloaded after import = 11

========================================================================
Received Import Request.
  Time since last request: 0.000042 seconds.
  path: Assets/_Udemy Racer Assets/Models/Kenney/Racing Kit/tentClosed.fbx
  artifactKey: Guid(6eef0497592f1db42b91359ef6901a22) Importer(815301076,1909f56bfc062723c751e8b465ee728b)
Start importing Assets/_Udemy Racer Assets/Models/Kenney/Racing Kit/tentClosed.fbx using Guid(6eef0497592f1db42b91359ef6901a22) Importer(815301076,1909f56bfc062723c751e8b465ee728b) (PreviewImporter) -> (artifact id: '8f1942caf86ea7f1091756c9c0404b69') in 0.0317452 seconds
Number of updated asset objects reloaded before import = 0Number of asset objects unloaded after import = 9

========================================================================
Received Import Request.
  Time since last request: 0.000049 seconds.
  path: Assets/_Udemy Racer Assets/Models/Kenney/Racing Kit/tentRoofDouble.fbx
  artifactKey: Guid(31f3deb2c60fece48b213b810aed00ed) Importer(815301076,1909f56bfc062723c751e8b465ee728b)
Start importing Assets/_Udemy Racer Assets/Models/Kenney/Racing Kit/tentRoofDouble.fbx using Guid(31f3deb2c60fece48b213b810aed00ed) Importer(815301076,1909f56bfc062723c751e8b465ee728b) (PreviewImporter) -> (artifact id: '34aaf0e44998728af71917abf8a9ef3e') in 0.0272661 seconds
Number of updated asset objects reloaded before import = 0Number of asset objects unloaded after import = 9

========================================================================
Received Import Request.
  Time since last request: 0.000037 seconds.
  path: Assets/_Udemy Racer Assets/Models/Kenney/Racing Kit/roadStraightBridgeStart.fbx
  artifactKey: Guid(295661126d5bce643a2a806827b26bf5) Importer(815301076,1909f56bfc062723c751e8b465ee728b)
Start importing Assets/_Udemy Racer Assets/Models/Kenney/Racing Kit/roadStraightBridgeStart.fbx using Guid(295661126d5bce643a2a806827b26bf5) Importer(815301076,1909f56bfc062723c751e8b465ee728b) (PreviewImporter) -> (artifact id: '038569223cb4d65b63bc6634b369da30') in 0.0370692 seconds
Number of updated asset objects reloaded before import = 0Number of asset objects unloaded after import = 10

========================================================================
Received Import Request.
  Time since last request: 0.000027 seconds.
  path: Assets/_Udemy Racer Assets/Models/Kenney/Racing Kit/roadStraightLongBump.fbx
  artifactKey: Guid(2e41b5234cd034e4d89bb0a5bf27a7ad) Importer(815301076,1909f56bfc062723c751e8b465ee728b)
Start importing Assets/_Udemy Racer Assets/Models/Kenney/Racing Kit/roadStraightLongBump.fbx using Guid(2e41b5234cd034e4d89bb0a5bf27a7ad) Importer(815301076,1909f56bfc062723c751e8b465ee728b) (PreviewImporter) -> (artifact id: '652fe5e75d2c97a421d722ac78676006') in 0.0385216 seconds
Number of updated asset objects reloaded before import = 0Number of asset objects unloaded after import = 10

========================================================================
Received Import Request.
  Time since last request: 0.000027 seconds.
  path: Assets/_Udemy Racer Assets/Models/Kenney/Racing Kit/roadStraightLongMid.fbx
  artifactKey: Guid(0073a774047ce1e4cb306889560087a2) Importer(815301076,1909f56bfc062723c751e8b465ee728b)
Start importing Assets/_Udemy Racer Assets/Models/Kenney/Racing Kit/roadStraightLongMid.fbx using Guid(0073a774047ce1e4cb306889560087a2) Importer(815301076,1909f56bfc062723c751e8b465ee728b) (PreviewImporter) -> (artifact id: 'a10ef69c9f50ec4db27ef65f4484f948') in 0.0359472 seconds
Number of updated asset objects reloaded before import = 0Number of asset objects unloaded after import = 10

========================================================================
Received Import Request.
  Time since last request: 0.000030 seconds.
  path: Assets/_Udemy Racer Assets/Models/Kenney/Racing Kit/tent.fbx
  artifactKey: Guid(0769671249457974c84835bed83b242b) Importer(815301076,1909f56bfc062723c751e8b465ee728b)
Start importing Assets/_Udemy Racer Assets/Models/Kenney/Racing Kit/tent.fbx using Guid(0769671249457974c84835bed83b242b) Importer(815301076,1909f56bfc062723c751e8b465ee728b) (PreviewImporter) -> (artifact id: 'fceb283439019818a5ebb7c417212704') in 0.0291445 seconds
Number of updated asset objects reloaded before import = 0Number of asset objects unloaded after import = 9

========================================================================
Received Import Request.
  Time since last request: 0.000051 seconds.
  path: Assets/_Udemy Racer Assets/Models/Kenney/Racing Kit/tentRoof.fbx
  artifactKey: Guid(be8af50b605366c46a6254b30f2cf088) Importer(815301076,1909f56bfc062723c751e8b465ee728b)
Start importing Assets/_Udemy Racer Assets/Models/Kenney/Racing Kit/tentRoof.fbx using Guid(be8af50b605366c46a6254b30f2cf088) Importer(815301076,1909f56bfc062723c751e8b465ee728b) (PreviewImporter) -> (artifact id: '6af1ee20beb5c2a585c68edd6e93a7bb') in 0.0333343 seconds
Number of updated asset objects reloaded before import = 0Number of asset objects unloaded after import = 9

========================================================================
Received Import Request.
  Time since last request: 2.600110 seconds.
  path: Assets/_Udemy Racer Assets/Models/Kenney/Nature Kit/cliff_cornerInnerLarge_stone.fbx
  artifactKey: Guid(f96c643ee409ed84cb74b37e34aae4e4) Importer(815301076,1909f56bfc062723c751e8b465ee728b)
Start importing Assets/_Udemy Racer Assets/Models/Kenney/Nature Kit/cliff_cornerInnerLarge_stone.fbx using Guid(f96c643ee409ed84cb74b37e34aae4e4) Importer(815301076,1909f56bfc062723c751e8b465ee728b) (PreviewImporter) -> (artifact id: '7aabb081a247c276e10ac425eebbf9af') in 0.0219273 seconds
Number of updated asset objects reloaded before import = 0Number of asset objects unloaded after import = 8

========================================================================
Received Import Request.
  Time since last request: 0.000033 seconds.
  path: Assets/_Udemy Racer Assets/Models/Kenney/Nature Kit/cliff_cornerTop_rock.fbx
  artifactKey: Guid(8287b8a6caac5fe4c9303918037f0832) Importer(815301076,1909f56bfc062723c751e8b465ee728b)
Start importing Assets/_Udemy Racer Assets/Models/Kenney/Nature Kit/cliff_cornerTop_rock.fbx using Guid(8287b8a6caac5fe4c9303918037f0832) Importer(815301076,1909f56bfc062723c751e8b465ee728b) (PreviewImporter) -> (artifact id: 'e499bbeb3bc64c260612714dc33941f7') in 0.0513563 seconds
Number of updated asset objects reloaded before import = 0Number of asset objects unloaded after import = 9

========================================================================
Received Import Request.
  Time since last request: 0.000059 seconds.
  path: Assets/_Udemy Racer Assets/Models/Kenney/Nature Kit/cliff_waterfallTop_rock.fbx
  artifactKey: Guid(889503197fc20024896cfb4b910ea01b) Importer(815301076,1909f56bfc062723c751e8b465ee728b)
Start importing Assets/_Udemy Racer Assets/Models/Kenney/Nature Kit/cliff_waterfallTop_rock.fbx using Guid(889503197fc20024896cfb4b910ea01b) Importer(815301076,1909f56bfc062723c751e8b465ee728b) (PreviewImporter) -> (artifact id: '7d5862a2cab658041671a4c9bdad2b05') in 0.0751621 seconds
Number of updated asset objects reloaded before import = 0Number of asset objects unloaded after import = 12

========================================================================
Received Import Request.
  Time since last request: 0.000059 seconds.
  path: Assets/_Udemy Racer Assets/Models/Kenney/Nature Kit/fence_simpleCenter.fbx
  artifactKey: Guid(78d955ab78682c14ba06c638988fc7f6) Importer(815301076,1909f56bfc062723c751e8b465ee728b)
Start importing Assets/_Udemy Racer Assets/Models/Kenney/Nature Kit/fence_simpleCenter.fbx using Guid(78d955ab78682c14ba06c638988fc7f6) Importer(815301076,1909f56bfc062723c751e8b465ee728b) (PreviewImporter) -> (artifact id: 'f6d364b1326987cbded17448186d5971') in 0.0359527 seconds
Number of updated asset objects reloaded before import = 0Number of asset objects unloaded after import = 9

========================================================================
Received Import Request.
  Time since last request: 0.000038 seconds.
  path: Assets/_Udemy Racer Assets/Models/Kenney/Nature Kit/crops_wheatStageA.fbx
  artifactKey: Guid(c938c27cccf4e6a469af72bb35169b28) Importer(815301076,1909f56bfc062723c751e8b465ee728b)
Start importing Assets/_Udemy Racer Assets/Models/Kenney/Nature Kit/crops_wheatStageA.fbx using Guid(c938c27cccf4e6a469af72bb35169b28) Importer(815301076,1909f56bfc062723c751e8b465ee728b) (PreviewImporter) -> (artifact id: 'b05b9037fbbc6f0fe8da9e7d3d9dace9') in 0.0290946 seconds
Number of updated asset objects reloaded before import = 0Number of asset objects unloaded after import = 8

========================================================================
Received Import Request.
  Time since last request: 0.000044 seconds.
  path: Assets/_Udemy Racer Assets/Models/Kenney/Nature Kit/cliff_halfCorner_rock.fbx
  artifactKey: Guid(3a0685fb99cfd3a4c985edba110f1485) Importer(815301076,1909f56bfc062723c751e8b465ee728b)
Start importing Assets/_Udemy Racer Assets/Models/Kenney/Nature Kit/cliff_halfCorner_rock.fbx using Guid(3a0685fb99cfd3a4c985edba110f1485) Importer(815301076,1909f56bfc062723c751e8b465ee728b) (PreviewImporter) -> (artifact id: '3bb76a3c545624b96d1797eddb475678') in 0.03456 seconds
Number of updated asset objects reloaded before import = 0Number of asset objects unloaded after import = 9

========================================================================
Received Import Request.
  Time since last request: 0.000038 seconds.
  path: Assets/_Udemy Racer Assets/Models/Kenney/Nature Kit/crops_cornStageB.fbx
  artifactKey: Guid(8b50a5ececa309c4f9b66d9e53947045) Importer(815301076,1909f56bfc062723c751e8b465ee728b)
Start importing Assets/_Udemy Racer Assets/Models/Kenney/Nature Kit/crops_cornStageB.fbx using Guid(8b50a5ececa309c4f9b66d9e53947045) Importer(815301076,1909f56bfc062723c751e8b465ee728b) (PreviewImporter) -> (artifact id: 'b9f083b2c8cdd23fb0cefdf900da58f9') in 0.0232596 seconds
Number of updated asset objects reloaded before import = 0Number of asset objects unloaded after import = 8

========================================================================
Received Import Request.
  Time since last request: 0.000040 seconds.
  path: Assets/_Udemy Racer Assets/Models/Kenney/Nature Kit/flower_redA.fbx
  artifactKey: Guid(c96ce751f26bf8e41a513e826181aa0a) Importer(815301076,1909f56bfc062723c751e8b465ee728b)
Start importing Assets/_Udemy Racer Assets/Models/Kenney/Nature Kit/flower_redA.fbx using Guid(c96ce751f26bf8e41a513e826181aa0a) Importer(815301076,1909f56bfc062723c751e8b465ee728b) (PreviewImporter) -> (artifact id: '88e2512a67041c1ef13569dac3df834e') in 0.0356787 seconds
Number of updated asset objects reloaded before import = 0Number of asset objects unloaded after import = 9

========================================================================
Received Import Request.
  Time since last request: 0.000035 seconds.
  path: Assets/_Udemy Racer Assets/Models/Kenney/Nature Kit/grass_leafsLarge.fbx
  artifactKey: Guid(a227d4c041d9a024ba804c39b167673f) Importer(815301076,1909f56bfc062723c751e8b465ee728b)
Start importing Assets/_Udemy Racer Assets/Models/Kenney/Nature Kit/grass_leafsLarge.fbx using Guid(a227d4c041d9a024ba804c39b167673f) Importer(815301076,1909f56bfc062723c751e8b465ee728b) (PreviewImporter) -> (artifact id: '265ad61c898b54287876d3953e2f9062') in 0.0235933 seconds
Number of updated asset objects reloaded before import = 0Number of asset objects unloaded after import = 8

========================================================================
Received Import Request.
  Time since last request: 0.000046 seconds.
  path: Assets/_Udemy Racer Assets/Models/Kenney/Nature Kit/cliff_rock.fbx
  artifactKey: Guid(fcd3176af1285e24385572c9dcaf22ed) Importer(815301076,1909f56bfc062723c751e8b465ee728b)
Start importing Assets/_Udemy Racer Assets/Models/Kenney/Nature Kit/cliff_rock.fbx using Guid(fcd3176af1285e24385572c9dcaf22ed) Importer(815301076,1909f56bfc062723c751e8b465ee728b) (PreviewImporter) -> (artifact id: '7f9e1b972449786a120d30155d6a4756') in 0.0217477 seconds
Number of updated asset objects reloaded before import = 0Number of asset objects unloaded after import = 8

========================================================================
Received Import Request.
  Time since last request: 0.000032 seconds.
  path: Assets/_Udemy Racer Assets/Models/Kenney/Nature Kit/crops_dirtDoubleRowEnd.fbx
  artifactKey: Guid(601011c6ac7902a4081d70ca008ff8d5) Importer(815301076,1909f56bfc062723c751e8b465ee728b)
Start importing Assets/_Udemy Racer Assets/Models/Kenney/Nature Kit/crops_dirtDoubleRowEnd.fbx using Guid(601011c6ac7902a4081d70ca008ff8d5) Importer(815301076,1909f56bfc062723c751e8b465ee728b) (PreviewImporter) -> (artifact id: 'd3fa50d90b28b9b538fe4d0776ad2ff8') in 0.0310126 seconds
Number of updated asset objects reloaded before import = 0Number of asset objects unloaded after import = 9

========================================================================
Received Import Request.
  Time since last request: 0.000046 seconds.
  path: Assets/_Udemy Racer Assets/Models/Kenney/Nature Kit/cliff_topDiagonal_stone.fbx
  artifactKey: Guid(5034392508cb58748b2657399afd9020) Importer(815301076,1909f56bfc062723c751e8b465ee728b)
Start importing Assets/_Udemy Racer Assets/Models/Kenney/Nature Kit/cliff_topDiagonal_stone.fbx using Guid(5034392508cb58748b2657399afd9020) Importer(815301076,1909f56bfc062723c751e8b465ee728b) (PreviewImporter) -> (artifact id: '95403af8f87d37ad91bdc2119dab7741') in 0.0369162 seconds
Number of updated asset objects reloaded before import = 0Number of asset objects unloaded after import = 9

========================================================================
Received Import Request.
  Time since last request: 0.000038 seconds.
  path: Assets/_Udemy Racer Assets/Models/Kenney/Nature Kit/crops_dirtSingle.fbx
  artifactKey: Guid(9a339c4d8afbaac4596a27623b01c42d) Importer(815301076,1909f56bfc062723c751e8b465ee728b)
Start importing Assets/_Udemy Racer Assets/Models/Kenney/Nature Kit/crops_dirtSingle.fbx using Guid(9a339c4d8afbaac4596a27623b01c42d) Importer(815301076,1909f56bfc062723c751e8b465ee728b) (PreviewImporter) -> (artifact id: '9242f7c4848461b921fbb5d2ea6d3e44') in 0.0292453 seconds
Number of updated asset objects reloaded before import = 0Number of asset objects unloaded after import = 9

========================================================================
Received Import Request.
  Time since last request: 0.000046 seconds.
  path: Assets/_Udemy Racer Assets/Models/Kenney/Nature Kit/cliff_steps_stone.fbx
  artifactKey: Guid(d2232efa29b07574d91f3e621c9e874c) Importer(815301076,1909f56bfc062723c751e8b465ee728b)
Start importing Assets/_Udemy Racer Assets/Models/Kenney/Nature Kit/cliff_steps_stone.fbx using Guid(d2232efa29b07574d91f3e621c9e874c) Importer(815301076,1909f56bfc062723c751e8b465ee728b) (PreviewImporter) -> (artifact id: 'cddbf956721daa5ba2cf1b3f0b349a97') in 0.0292771 seconds
Number of updated asset objects reloaded before import = 0Number of asset objects unloaded after import = 9

========================================================================
Received Import Request.
  Time since last request: 0.000047 seconds.
  path: Assets/_Udemy Racer Assets/Models/Kenney/Nature Kit/crop_turnip.fbx
  artifactKey: Guid(4827627c0d0d17547874d5936ff23d08) Importer(815301076,1909f56bfc062723c751e8b465ee728b)
Start importing Assets/_Udemy Racer Assets/Models/Kenney/Nature Kit/crop_turnip.fbx using Guid(4827627c0d0d17547874d5936ff23d08) Importer(815301076,1909f56bfc062723c751e8b465ee728b) (PreviewImporter) -> (artifact id: 'bfb56bbb04c9533cc3f79d50bc9dfa35') in 0.0308881 seconds
Number of updated asset objects reloaded before import = 0Number of asset objects unloaded after import = 9

========================================================================
Received Import Request.
  Time since last request: 0.000040 seconds.
  path: Assets/_Udemy Racer Assets/Models/Kenney/Nature Kit/crops_leafsStageB.fbx
  artifactKey: Guid(7992db39f0960ff42a76463548198147) Importer(815301076,1909f56bfc062723c751e8b465ee728b)
Start importing Assets/_Udemy Racer Assets/Models/Kenney/Nature Kit/crops_leafsStageB.fbx using Guid(7992db39f0960ff42a76463548198147) Importer(815301076,1909f56bfc062723c751e8b465ee728b) (PreviewImporter) -> (artifact id: '402637e7f559ab2a6080ef44be991b8a') in 0.0233553 seconds
Number of updated asset objects reloaded before import = 0Number of asset objects unloaded after import = 8

========================================================================
Received Import Request.
  Time since last request: 0.000026 seconds.
  path: Assets/_Udemy Racer Assets/Models/Kenney/Nature Kit/fence_simpleLow.fbx
  artifactKey: Guid(dad4be1b9b78e7549922b7712cb902bd) Importer(815301076,1909f56bfc062723c751e8b465ee728b)
Start importing Assets/_Udemy Racer Assets/Models/Kenney/Nature Kit/fence_simpleLow.fbx using Guid(dad4be1b9b78e7549922b7712cb902bd) Importer(815301076,1909f56bfc062723c751e8b465ee728b) (PreviewImporter) -> (artifact id: '540e930f49015026f34101f1e11bd626') in 0.0239251 seconds
Number of updated asset objects reloaded before import = 0Number of asset objects unloaded after import = 8

========================================================================
Received Import Request.
  Time since last request: 0.000037 seconds.
  path: Assets/_Udemy Racer Assets/Models/Kenney/Nature Kit/cliff_stone.fbx
  artifactKey: Guid(68c4bfde485b4c14585b68e9f1352b10) Importer(815301076,1909f56bfc062723c751e8b465ee728b)
Start importing Assets/_Udemy Racer Assets/Models/Kenney/Nature Kit/cliff_stone.fbx using Guid(68c4bfde485b4c14585b68e9f1352b10) Importer(815301076,1909f56bfc062723c751e8b465ee728b) (PreviewImporter) -> (artifact id: '645d3fb44aac07c3bbd2fb8f8cd670d2') in 0.0246324 seconds
Number of updated asset objects reloaded before import = 0Number of asset objects unloaded after import = 8

========================================================================
Received Import Request.
  Time since last request: 0.000032 seconds.
  path: Assets/_Udemy Racer Assets/Models/Kenney/Nature Kit/crops_dirtRowEnd.fbx
  artifactKey: Guid(2d34f6b70f44d5c41824b972a6293bfc) Importer(815301076,1909f56bfc062723c751e8b465ee728b)
Start importing Assets/_Udemy Racer Assets/Models/Kenney/Nature Kit/crops_dirtRowEnd.fbx using Guid(2d34f6b70f44d5c41824b972a6293bfc) Importer(815301076,1909f56bfc062723c751e8b465ee728b) (PreviewImporter) -> (artifact id: '0df1a546a653500bda5c012251633752') in 0.0299851 seconds
Number of updated asset objects reloaded before import = 0Number of asset objects unloaded after import = 9

========================================================================
Received Import Request.
  Time since last request: 0.000061 seconds.
  path: Assets/_Udemy Racer Assets/Models/Kenney/Nature Kit/crops_dirtDoubleRow.fbx
  artifactKey: Guid(e35e2deb531024646abbc85f40ba5181) Importer(815301076,1909f56bfc062723c751e8b465ee728b)
Start importing Assets/_Udemy Racer Assets/Models/Kenney/Nature Kit/crops_dirtDoubleRow.fbx using Guid(e35e2deb531024646abbc85f40ba5181) Importer(815301076,1909f56bfc062723c751e8b465ee728b) (PreviewImporter) -> (artifact id: '137364e0653dcb8114e5b4d957af1ae1') in 0.0288158 seconds
Number of updated asset objects reloaded before import = 0Number of asset objects unloaded after import = 9

========================================================================
Received Import Request.
  Time since last request: 0.000044 seconds.
  path: Assets/_Udemy Racer Assets/Models/Kenney/Nature Kit/cliff_waterfall_stone.fbx
  artifactKey: Guid(411ec66bfc429ce40b5003a687388417) Importer(815301076,1909f56bfc062723c751e8b465ee728b)
Start importing Assets/_Udemy Racer Assets/Models/Kenney/Nature Kit/cliff_waterfall_stone.fbx using Guid(411ec66bfc429ce40b5003a687388417) Importer(815301076,1909f56bfc062723c751e8b465ee728b) (PreviewImporter) -> (artifact id: '48730c3e23a6c45e12abd697f149e9e6') in 0.0412773 seconds
Number of updated asset objects reloaded before import = 0Number of asset objects unloaded after import = 9

========================================================================
Received Import Request.
  Time since last request: 0.000028 seconds.
  path: Assets/_Udemy Racer Assets/Models/Kenney/Nature Kit/grass.fbx
  artifactKey: Guid(b66d1fd73982f1644831970bda3a82fa) Importer(815301076,1909f56bfc062723c751e8b465ee728b)
Start importing Assets/_Udemy Racer Assets/Models/Kenney/Nature Kit/grass.fbx using Guid(b66d1fd73982f1644831970bda3a82fa) Importer(815301076,1909f56bfc062723c751e8b465ee728b) (PreviewImporter) -> (artifact id: '7b4bd54a8679ccd128e783866bfe4c0c') in 0.0245446 seconds
Number of updated asset objects reloaded before import = 0Number of asset objects unloaded after import = 8

========================================================================
Received Import Request.
  Time since last request: 0.000036 seconds.
  path: Assets/_Udemy Racer Assets/Models/Kenney/Nature Kit/crops_cornStageC.fbx
  artifactKey: Guid(c9f8a2bd24a7fe24a92787c28a298757) Importer(815301076,1909f56bfc062723c751e8b465ee728b)
Start importing Assets/_Udemy Racer Assets/Models/Kenney/Nature Kit/crops_cornStageC.fbx using Guid(c9f8a2bd24a7fe24a92787c28a298757) Importer(815301076,1909f56bfc062723c751e8b465ee728b) (PreviewImporter) -> (artifact id: '26bc5c2fd88a0c6eaaea4eb1cb4895a8') in 0.024354 seconds
Number of updated asset objects reloaded before import = 0Number of asset objects unloaded after import = 8

========================================================================
Received Import Request.
  Time since last request: 0.000036 seconds.
  path: Assets/_Udemy Racer Assets/Models/Kenney/Nature Kit/cliff_waterfallTop_stone.fbx
  artifactKey: Guid(0976a96c051fa9c4595358b73b7d25e2) Importer(815301076,1909f56bfc062723c751e8b465ee728b)
Start importing Assets/_Udemy Racer Assets/Models/Kenney/Nature Kit/cliff_waterfallTop_stone.fbx using Guid(0976a96c051fa9c4595358b73b7d25e2) Importer(815301076,1909f56bfc062723c751e8b465ee728b) (PreviewImporter) -> (artifact id: 'b50f08cfa0f316a30bbc6e712247e8e1') in 0.0676898 seconds
Number of updated asset objects reloaded before import = 0Number of asset objects unloaded after import = 13

========================================================================
Received Import Request.
  Time since last request: 0.000069 seconds.
  path: Assets/_Udemy Racer Assets/Models/Kenney/Nature Kit/cliff_diagonal_rock.fbx
  artifactKey: Guid(ce2969d91e896784484e84974f8bdaff) Importer(815301076,1909f56bfc062723c751e8b465ee728b)
Start importing Assets/_Udemy Racer Assets/Models/Kenney/Nature Kit/cliff_diagonal_rock.fbx using Guid(ce2969d91e896784484e84974f8bdaff) Importer(815301076,1909f56bfc062723c751e8b465ee728b) (PreviewImporter) -> (artifact id: '04c74e836e0255a2e66fd2ac7f16acba') in 0.0212836 seconds
Number of updated asset objects reloaded before import = 0Number of asset objects unloaded after import = 8

========================================================================
Received Import Request.
  Time since last request: 0.000038 seconds.
  path: Assets/_Udemy Racer Assets/Models/Kenney/Nature Kit/cliff_half_stone.fbx
  artifactKey: Guid(ae78b2f64c9490e4b94ef6bfd98c9296) Importer(815301076,1909f56bfc062723c751e8b465ee728b)
Start importing Assets/_Udemy Racer Assets/Models/Kenney/Nature Kit/cliff_half_stone.fbx using Guid(ae78b2f64c9490e4b94ef6bfd98c9296) Importer(815301076,1909f56bfc062723c751e8b465ee728b) (PreviewImporter) -> (artifact id: '50898fbd22ad27ca9d5f7d63252bef10') in 0.0293522 seconds
Number of updated asset objects reloaded before import = 0Number of asset objects unloaded after import = 9

========================================================================
Received Import Request.
  Time since last request: 0.000037 seconds.
  path: Assets/_Udemy Racer Assets/Models/Kenney/Nature Kit/cliff_stepsCornerInner_rock.fbx
  artifactKey: Guid(ebb7eaa6565559f40bd4da81798de9e8) Importer(815301076,1909f56bfc062723c751e8b465ee728b)
Start importing Assets/_Udemy Racer Assets/Models/Kenney/Nature Kit/cliff_stepsCornerInner_rock.fbx using Guid(ebb7eaa6565559f40bd4da81798de9e8) Importer(815301076,1909f56bfc062723c751e8b465ee728b) (PreviewImporter) -> (artifact id: '6ecbab7463aa8ab21e8e153a7b7d1afa') in 0.0304193 seconds
Number of updated asset objects reloaded before import = 0Number of asset objects unloaded after import = 9

========================================================================
Received Import Request.
  Time since last request: 0.000031 seconds.
  path: Assets/_Udemy Racer Assets/Models/Kenney/Nature Kit/cliff_halfCorner_stone.fbx
  artifactKey: Guid(12f4dcacc9db8204d9390fba44a565f6) Importer(815301076,1909f56bfc062723c751e8b465ee728b)
Start importing Assets/_Udemy Racer Assets/Models/Kenney/Nature Kit/cliff_halfCorner_stone.fbx using Guid(12f4dcacc9db8204d9390fba44a565f6) Importer(815301076,1909f56bfc062723c751e8b465ee728b) (PreviewImporter) -> (artifact id: 'bf8953214c06f93bf0a62d1c1fb97f96') in 0.0297862 seconds
Number of updated asset objects reloaded before import = 0Number of asset objects unloaded after import = 9

========================================================================
Received Import Request.
  Time since last request: 0.000040 seconds.
  path: Assets/_Udemy Racer Assets/Models/Kenney/Nature Kit/cliff_stepsCornerInner_stone.fbx
  artifactKey: Guid(d93808cb37c8d654e98da74eed6ead67) Importer(815301076,1909f56bfc062723c751e8b465ee728b)
Start importing Assets/_Udemy Racer Assets/Models/Kenney/Nature Kit/cliff_stepsCornerInner_stone.fbx using Guid(d93808cb37c8d654e98da74eed6ead67) Importer(815301076,1909f56bfc062723c751e8b465ee728b) (PreviewImporter) -> (artifact id: '717757ff43e32dd34fa44c1afaef88c3') in 0.0330463 seconds
Number of updated asset objects reloaded before import = 0Number of asset objects unloaded after import = 9

========================================================================
Received Import Request.
  Time since last request: 0.000039 seconds.
  path: Assets/_Udemy Racer Assets/Models/Kenney/Nature Kit/cliff_waterfall_rock.fbx
  artifactKey: Guid(0d024286848480740a00d9ff4a904ba6) Importer(815301076,1909f56bfc062723c751e8b465ee728b)
Start importing Assets/_Udemy Racer Assets/Models/Kenney/Nature Kit/cliff_waterfall_rock.fbx using Guid(0d024286848480740a00d9ff4a904ba6) Importer(815301076,1909f56bfc062723c751e8b465ee728b) (PreviewImporter) -> (artifact id: '7049ffa8d89224561e1a6efa08f64f19') in 0.0352354 seconds
Number of updated asset objects reloaded before import = 0Number of asset objects unloaded after import = 10

========================================================================
Received Import Request.
  Time since last request: 0.000048 seconds.
  path: Assets/_Udemy Racer Assets/Models/Kenney/Nature Kit/cliff_cornerTop_stone.fbx
  artifactKey: Guid(be9f4bb149eb4c643b3b4c02666d9594) Importer(815301076,1909f56bfc062723c751e8b465ee728b)
Start importing Assets/_Udemy Racer Assets/Models/Kenney/Nature Kit/cliff_cornerTop_stone.fbx using Guid(be9f4bb149eb4c643b3b4c02666d9594) Importer(815301076,1909f56bfc062723c751e8b465ee728b) (PreviewImporter) -> (artifact id: '61e392ef5111d44097752ad9964a9b20') in 0.0289574 seconds
Number of updated asset objects reloaded before import = 0Number of asset objects unloaded after import = 9

========================================================================
Received Import Request.
  Time since last request: 0.000033 seconds.
  path: Assets/_Udemy Racer Assets/Models/Kenney/Nature Kit/flower_yellowA.fbx
  artifactKey: Guid(554ea445a0f0403408bc3efa3d36e82d) Importer(815301076,1909f56bfc062723c751e8b465ee728b)
Start importing Assets/_Udemy Racer Assets/Models/Kenney/Nature Kit/flower_yellowA.fbx using Guid(554ea445a0f0403408bc3efa3d36e82d) Importer(815301076,1909f56bfc062723c751e8b465ee728b) (PreviewImporter) -> (artifact id: '1442c0143ff0d7eaea3faa2fa0c6a288') in 0.027194 seconds
Number of updated asset objects reloaded before import = 0Number of asset objects unloaded after import = 9

========================================================================
Received Import Request.
  Time since last request: 0.321057 seconds.
  path: Assets/_Udemy Racer Assets/Models/Kenney/Car Kit/delivery.fbx
  artifactKey: Guid(1ff1da4ccfbdb3e439cd364c0bfb7348) Importer(815301076,1909f56bfc062723c751e8b465ee728b)
Start importing Assets/_Udemy Racer Assets/Models/Kenney/Car Kit/delivery.fbx using Guid(1ff1da4ccfbdb3e439cd364c0bfb7348) Importer(815301076,1909f56bfc062723c751e8b465ee728b) (PreviewImporter) -> (artifact id: '2363574d5cbf7e98c27aed159d2d1b7f') in 0.1407448 seconds
Number of updated asset objects reloaded before import = 0Number of asset objects unloaded after import = 42

========================================================================
Received Import Request.
  Time since last request: 0.000054 seconds.
  path: Assets/_Udemy Racer Assets/Models/Kenney/Car Kit/suvLuxury.fbx
  artifactKey: Guid(e8f334d7df41db948b4d0f811f1a2714) Importer(815301076,1909f56bfc062723c751e8b465ee728b)
Start importing Assets/_Udemy Racer Assets/Models/Kenney/Car Kit/suvLuxury.fbx using Guid(e8f334d7df41db948b4d0f811f1a2714) Importer(815301076,1909f56bfc062723c751e8b465ee728b) (PreviewImporter) -> (artifact id: '810366f53b35befe674a9f94edb06f48') in 0.1182483 seconds
Number of updated asset objects reloaded before import = 0Number of asset objects unloaded after import = 36

========================================================================
Received Import Request.
  Time since last request: 0.000066 seconds.
  path: Assets/_Udemy Racer Assets/Models/Kenney/Car Kit/police.fbx
  artifactKey: Guid(97521c9a67d7a5f49ba861fba03a65bf) Importer(815301076,1909f56bfc062723c751e8b465ee728b)
Start importing Assets/_Udemy Racer Assets/Models/Kenney/Car Kit/police.fbx using Guid(97521c9a67d7a5f49ba861fba03a65bf) Importer(815301076,1909f56bfc062723c751e8b465ee728b) (PreviewImporter) -> (artifact id: 'd8a50cc073dd018b56645411fce0b643') in 0.1318153 seconds
Number of updated asset objects reloaded before import = 0Number of asset objects unloaded after import = 42

========================================================================
Received Import Request.
  Time since last request: 0.000025 seconds.
  path: Assets/_Udemy Racer Assets/Models/Kenney/Car Kit/garbageTruck.fbx
  artifactKey: Guid(6badda03dbcfa4a4dbe26196ac9e6153) Importer(815301076,1909f56bfc062723c751e8b465ee728b)
Start importing Assets/_Udemy Racer Assets/Models/Kenney/Car Kit/garbageTruck.fbx using Guid(6badda03dbcfa4a4dbe26196ac9e6153) Importer(815301076,1909f56bfc062723c751e8b465ee728b) (PreviewImporter) -> (artifact id: 'cc269a92327b3aacb55fa9cecc233253') in 0.1431592 seconds
Number of updated asset objects reloaded before import = 0Number of asset objects unloaded after import = 42

========================================================================
Received Import Request.
  Time since last request: 0.000045 seconds.
  path: Assets/_Udemy Racer Assets/Models/Kenney/Car Kit/wheelTractorDarkBack.fbx
  artifactKey: Guid(404464f01cc49da4e80ae829f4aea9bb) Importer(815301076,1909f56bfc062723c751e8b465ee728b)
Start importing Assets/_Udemy Racer Assets/Models/Kenney/Car Kit/wheelTractorDarkBack.fbx using Guid(404464f01cc49da4e80ae829f4aea9bb) Importer(815301076,1909f56bfc062723c751e8b465ee728b) (PreviewImporter) -> (artifact id: '9da72a0a12c6842fdf56d4748fe725fd') in 0.0378538 seconds
Number of updated asset objects reloaded before import = 0Number of asset objects unloaded after import = 10

========================================================================
Received Import Request.
  Time since last request: 0.000051 seconds.
  path: Assets/_Udemy Racer Assets/Models/Kenney/Car Kit/hatchbackSports.fbx
  artifactKey: Guid(220d21700d7036d44b1a3f44ab1bfbf6) Importer(815301076,1909f56bfc062723c751e8b465ee728b)
Start importing Assets/_Udemy Racer Assets/Models/Kenney/Car Kit/hatchbackSports.fbx using Guid(220d21700d7036d44b1a3f44ab1bfbf6) Importer(815301076,1909f56bfc062723c751e8b465ee728b) (PreviewImporter) -> (artifact id: '41b3e63d82dcf1c42e56e2023bef41ca') in 0.1169478 seconds
Number of updated asset objects reloaded before import = 0Number of asset objects unloaded after import = 36

========================================================================
Received Import Request.
  Time since last request: 0.000049 seconds.
  path: Assets/_Udemy Racer Assets/Models/Kenney/Car Kit/taxi.fbx
  artifactKey: Guid(f4c3e7dc29684064a8a75ba04059f47c) Importer(815301076,1909f56bfc062723c751e8b465ee728b)
Start importing Assets/_Udemy Racer Assets/Models/Kenney/Car Kit/taxi.fbx using Guid(f4c3e7dc29684064a8a75ba04059f47c) Importer(815301076,1909f56bfc062723c751e8b465ee728b) (PreviewImporter) -> (artifact id: '7de3876bd40f817dbeea6d6cc9b8e3b0') in 0.1138889 seconds
Number of updated asset objects reloaded before import = 0Number of asset objects unloaded after import = 36

========================================================================
Received Import Request.
  Time since last request: 0.000057 seconds.
  path: Assets/_Udemy Racer Assets/Models/Kenney/Car Kit/suv.fbx
  artifactKey: Guid(8d1cc467bb8e8f7448aa15e057d00940) Importer(815301076,1909f56bfc062723c751e8b465ee728b)
Start importing Assets/_Udemy Racer Assets/Models/Kenney/Car Kit/suv.fbx using Guid(8d1cc467bb8e8f7448aa15e057d00940) Importer(815301076,1909f56bfc062723c751e8b465ee728b) (PreviewImporter) -> (artifact id: '87ad87f55ce7b6e45034efe95c73419d') in 0.1527857 seconds
Number of updated asset objects reloaded before import = 0Number of asset objects unloaded after import = 41

========================================================================
Received Import Request.
  Time since last request: 0.000089 seconds.
  path: Assets/_Udemy Racer Assets/Models/Kenney/Car Kit/wheelTractorFront.fbx
  artifactKey: Guid(edbeb17db4406a7438126ceb303334b6) Importer(815301076,1909f56bfc062723c751e8b465ee728b)
Start importing Assets/_Udemy Racer Assets/Models/Kenney/Car Kit/wheelTractorFront.fbx using Guid(edbeb17db4406a7438126ceb303334b6) Importer(815301076,1909f56bfc062723c751e8b465ee728b) (PreviewImporter) -> (artifact id: '5349a1121c94d0b25a7511fa120015ba') in 0.0287739 seconds
Number of updated asset objects reloaded before import = 0Number of asset objects unloaded after import = 9

Editor requested this worker to shutdown with reason: Scaling down because of idle timeout
AssetImportWorker is now disconnected from the server
Process exiting
Exiting without the bug reporter. Application will terminate with return code 0